<?xml version="1.0" encoding="UTF-8"?>
<testsuite xmlns:xsi="http://www.w3.org/2001/XMLSchema-instance" xsi:noNamespaceSchemaLocation="https://maven.apache.org/surefire/maven-surefire-plugin/xsd/surefire-test-report-3.0.xsd" version="3.0" name="TestSuite" time="97.822" tests="6" errors="0" skipped="0" failures="0">
  <properties>
    <property name="sun.desktop" value="windows"/>
    <property name="awt.toolkit" value="sun.awt.windows.WToolkit"/>
    <property name="java.specification.version" value="11"/>
    <property name="webdriver.chrome.driver" value="Drivers/chromedriver.exe"/>
    <property name="sun.cpu.isalist" value="amd64"/>
    <property name="sun.jnu.encoding" value="Cp1252"/>
    <property name="sun.awt.enableExtraMouseButtons" value="true"/>
    <property name="java.class.path" value="C:\Users\Srilaxmi\Desktop\ProjectBackUp\caseStudy01\target\test-classes;C:\Users\Srilaxmi\Desktop\ProjectBackUp\caseStudy01\target\classes;C:\Users\Srilaxmi\.m2\repository\org\seleniumhq\selenium\selenium-java\3.141.59\selenium-java-3.141.59.jar;C:\Users\Srilaxmi\.m2\repository\org\seleniumhq\selenium\selenium-api\3.141.59\selenium-api-3.141.59.jar;C:\Users\Srilaxmi\.m2\repository\org\seleniumhq\selenium\selenium-chrome-driver\3.141.59\selenium-chrome-driver-3.141.59.jar;C:\Users\Srilaxmi\.m2\repository\org\seleniumhq\selenium\selenium-edge-driver\3.141.59\selenium-edge-driver-3.141.59.jar;C:\Users\Srilaxmi\.m2\repository\org\seleniumhq\selenium\selenium-firefox-driver\3.141.59\selenium-firefox-driver-3.141.59.jar;C:\Users\Srilaxmi\.m2\repository\org\seleniumhq\selenium\selenium-ie-driver\3.141.59\selenium-ie-driver-3.141.59.jar;C:\Users\Srilaxmi\.m2\repository\org\seleniumhq\selenium\selenium-opera-driver\3.141.59\selenium-opera-driver-3.141.59.jar;C:\Users\Srilaxmi\.m2\repository\org\seleniumhq\selenium\selenium-remote-driver\3.141.59\selenium-remote-driver-3.141.59.jar;C:\Users\Srilaxmi\.m2\repository\org\seleniumhq\selenium\selenium-safari-driver\3.141.59\selenium-safari-driver-3.141.59.jar;C:\Users\Srilaxmi\.m2\repository\org\seleniumhq\selenium\selenium-support\3.141.59\selenium-support-3.141.59.jar;C:\Users\Srilaxmi\.m2\repository\net\bytebuddy\byte-buddy\1.8.15\byte-buddy-1.8.15.jar;C:\Users\Srilaxmi\.m2\repository\org\apache\commons\commons-exec\1.3\commons-exec-1.3.jar;C:\Users\Srilaxmi\.m2\repository\com\squareup\okhttp3\okhttp\3.11.0\okhttp-3.11.0.jar;C:\Users\Srilaxmi\.m2\repository\com\squareup\okio\okio\1.14.0\okio-1.14.0.jar;C:\Users\Srilaxmi\.m2\repository\org\testng\testng\7.3.0\testng-7.3.0.jar;C:\Users\Srilaxmi\.m2\repository\com\beust\jcommander\1.78\jcommander-1.78.jar;C:\Users\Srilaxmi\.m2\repository\org\apache\ant\ant\1.10.3\ant-1.10.3.jar;C:\Users\Srilaxmi\.m2\repository\org\apache\ant\ant-launcher\1.10.3\ant-launcher-1.10.3.jar;C:\Users\Srilaxmi\.m2\repository\junit\junit\4.12\junit-4.12.jar;C:\Users\Srilaxmi\.m2\repository\org\hamcrest\hamcrest-core\1.3\hamcrest-core-1.3.jar;C:\Users\Srilaxmi\.m2\repository\com\google\inject\guice\4.2.2\guice-4.2.2-no_aop.jar;C:\Users\Srilaxmi\.m2\repository\javax\inject\javax.inject\1\javax.inject-1.jar;C:\Users\Srilaxmi\.m2\repository\aopalliance\aopalliance\1.0\aopalliance-1.0.jar;C:\Users\Srilaxmi\.m2\repository\org\yaml\snakeyaml\1.21\snakeyaml-1.21.jar;C:\Users\Srilaxmi\.m2\repository\org\apache\logging\log4j\log4j-api\2.13.3\log4j-api-2.13.3.jar;C:\Users\Srilaxmi\.m2\repository\org\apache\logging\log4j\log4j-core\2.13.3\log4j-core-2.13.3.jar;C:\Users\Srilaxmi\.m2\repository\com\aventstack\extentreports\5.0.3\extentreports-5.0.3.jar;C:\Users\Srilaxmi\.m2\repository\io\reactivex\rxjava3\rxjava\3.0.4\rxjava-3.0.4.jar;C:\Users\Srilaxmi\.m2\repository\org\reactivestreams\reactive-streams\1.0.3\reactive-streams-1.0.3.jar;C:\Users\Srilaxmi\.m2\repository\org\freemarker\freemarker\2.3.30\freemarker-2.3.30.jar;C:\Users\Srilaxmi\.m2\repository\org\projectlombok\lombok\1.18.12\lombok-1.18.12.jar;C:\Users\Srilaxmi\.m2\repository\com\google\code\gson\gson\2.8.6\gson-2.8.6.jar;C:\Users\Srilaxmi\.m2\repository\org\apache\poi\poi\4.1.2\poi-4.1.2.jar;C:\Users\Srilaxmi\.m2\repository\commons-codec\commons-codec\1.13\commons-codec-1.13.jar;C:\Users\Srilaxmi\.m2\repository\org\apache\commons\commons-collections4\4.4\commons-collections4-4.4.jar;C:\Users\Srilaxmi\.m2\repository\org\apache\commons\commons-math3\3.6.1\commons-math3-3.6.1.jar;C:\Users\Srilaxmi\.m2\repository\com\zaxxer\SparseBitSet\1.2\SparseBitSet-1.2.jar;C:\Users\Srilaxmi\.m2\repository\org\apache\poi\poi-ooxml\4.1.2\poi-ooxml-4.1.2.jar;C:\Users\Srilaxmi\.m2\repository\org\apache\poi\poi-ooxml-schemas\4.1.2\poi-ooxml-schemas-4.1.2.jar;C:\Users\Srilaxmi\.m2\repository\org\apache\xmlbeans\xmlbeans\3.1.0\xmlbeans-3.1.0.jar;C:\Users\Srilaxmi\.m2\repository\org\apache\commons\commons-compress\1.19\commons-compress-1.19.jar;C:\Users\Srilaxmi\.m2\repository\com\github\virtuald\curvesapi\1.06\curvesapi-1.06.jar;C:\Users\Srilaxmi\.m2\repository\com\google\guava\guava\28.0-jre\guava-28.0-jre.jar;C:\Users\Srilaxmi\.m2\repository\com\google\guava\failureaccess\1.0.1\failureaccess-1.0.1.jar;C:\Users\Srilaxmi\.m2\repository\com\google\guava\listenablefuture\9999.0-empty-to-avoid-conflict-with-guava\listenablefuture-9999.0-empty-to-avoid-conflict-with-guava.jar;C:\Users\Srilaxmi\.m2\repository\com\google\code\findbugs\jsr305\3.0.2\jsr305-3.0.2.jar;C:\Users\Srilaxmi\.m2\repository\org\checkerframework\checker-qual\2.8.1\checker-qual-2.8.1.jar;C:\Users\Srilaxmi\.m2\repository\com\google\errorprone\error_prone_annotations\2.3.2\error_prone_annotations-2.3.2.jar;C:\Users\Srilaxmi\.m2\repository\com\google\j2objc\j2objc-annotations\1.3\j2objc-annotations-1.3.jar;C:\Users\Srilaxmi\.m2\repository\org\codehaus\mojo\animal-sniffer-annotations\1.17\animal-sniffer-annotations-1.17.jar;"/>
    <property name="java.vm.vendor" value="Oracle Corporation"/>
    <property name="sun.arch.data.model" value="64"/>
    <property name="user.variant" value=""/>
    <property name="java.vendor.url" value="https://openjdk.java.net/"/>
    <property name="user.timezone" value="Asia/Calcutta"/>
    <property name="java.vm.specification.version" value="11"/>
    <property name="os.name" value="Windows 10"/>
    <property name="sun.java.launcher" value="SUN_STANDARD"/>
    <property name="user.country" value="IN"/>
    <property name="sun.boot.library.path" value="C:\Program Files\Java\jdk-11.0.8\bin"/>
    <property name="sun.java.command" value="C:\Users\Srilaxmi\AppData\Local\Temp\surefire6455416120451295647\surefirebooter9338402326415149399.jar C:\Users\Srilaxmi\AppData\Local\Temp\surefire6455416120451295647 2021-02-03T23-30-15_728-jvmRun1 surefire3644760240237384382tmp surefire_011589503328082038384tmp"/>
    <property name="jdk.debug" value="release"/>
    <property name="surefire.test.class.path" value="C:\Users\Srilaxmi\Desktop\ProjectBackUp\caseStudy01\target\test-classes;C:\Users\Srilaxmi\Desktop\ProjectBackUp\caseStudy01\target\classes;C:\Users\Srilaxmi\.m2\repository\org\seleniumhq\selenium\selenium-java\3.141.59\selenium-java-3.141.59.jar;C:\Users\Srilaxmi\.m2\repository\org\seleniumhq\selenium\selenium-api\3.141.59\selenium-api-3.141.59.jar;C:\Users\Srilaxmi\.m2\repository\org\seleniumhq\selenium\selenium-chrome-driver\3.141.59\selenium-chrome-driver-3.141.59.jar;C:\Users\Srilaxmi\.m2\repository\org\seleniumhq\selenium\selenium-edge-driver\3.141.59\selenium-edge-driver-3.141.59.jar;C:\Users\Srilaxmi\.m2\repository\org\seleniumhq\selenium\selenium-firefox-driver\3.141.59\selenium-firefox-driver-3.141.59.jar;C:\Users\Srilaxmi\.m2\repository\org\seleniumhq\selenium\selenium-ie-driver\3.141.59\selenium-ie-driver-3.141.59.jar;C:\Users\Srilaxmi\.m2\repository\org\seleniumhq\selenium\selenium-opera-driver\3.141.59\selenium-opera-driver-3.141.59.jar;C:\Users\Srilaxmi\.m2\repository\org\seleniumhq\selenium\selenium-remote-driver\3.141.59\selenium-remote-driver-3.141.59.jar;C:\Users\Srilaxmi\.m2\repository\org\seleniumhq\selenium\selenium-safari-driver\3.141.59\selenium-safari-driver-3.141.59.jar;C:\Users\Srilaxmi\.m2\repository\org\seleniumhq\selenium\selenium-support\3.141.59\selenium-support-3.141.59.jar;C:\Users\Srilaxmi\.m2\repository\net\bytebuddy\byte-buddy\1.8.15\byte-buddy-1.8.15.jar;C:\Users\Srilaxmi\.m2\repository\org\apache\commons\commons-exec\1.3\commons-exec-1.3.jar;C:\Users\Srilaxmi\.m2\repository\com\squareup\okhttp3\okhttp\3.11.0\okhttp-3.11.0.jar;C:\Users\Srilaxmi\.m2\repository\com\squareup\okio\okio\1.14.0\okio-1.14.0.jar;C:\Users\Srilaxmi\.m2\repository\org\testng\testng\7.3.0\testng-7.3.0.jar;C:\Users\Srilaxmi\.m2\repository\com\beust\jcommander\1.78\jcommander-1.78.jar;C:\Users\Srilaxmi\.m2\repository\org\apache\ant\ant\1.10.3\ant-1.10.3.jar;C:\Users\Srilaxmi\.m2\repository\org\apache\ant\ant-launcher\1.10.3\ant-launcher-1.10.3.jar;C:\Users\Srilaxmi\.m2\repository\junit\junit\4.12\junit-4.12.jar;C:\Users\Srilaxmi\.m2\repository\org\hamcrest\hamcrest-core\1.3\hamcrest-core-1.3.jar;C:\Users\Srilaxmi\.m2\repository\com\google\inject\guice\4.2.2\guice-4.2.2-no_aop.jar;C:\Users\Srilaxmi\.m2\repository\javax\inject\javax.inject\1\javax.inject-1.jar;C:\Users\Srilaxmi\.m2\repository\aopalliance\aopalliance\1.0\aopalliance-1.0.jar;C:\Users\Srilaxmi\.m2\repository\org\yaml\snakeyaml\1.21\snakeyaml-1.21.jar;C:\Users\Srilaxmi\.m2\repository\org\apache\logging\log4j\log4j-api\2.13.3\log4j-api-2.13.3.jar;C:\Users\Srilaxmi\.m2\repository\org\apache\logging\log4j\log4j-core\2.13.3\log4j-core-2.13.3.jar;C:\Users\Srilaxmi\.m2\repository\com\aventstack\extentreports\5.0.3\extentreports-5.0.3.jar;C:\Users\Srilaxmi\.m2\repository\io\reactivex\rxjava3\rxjava\3.0.4\rxjava-3.0.4.jar;C:\Users\Srilaxmi\.m2\repository\org\reactivestreams\reactive-streams\1.0.3\reactive-streams-1.0.3.jar;C:\Users\Srilaxmi\.m2\repository\org\freemarker\freemarker\2.3.30\freemarker-2.3.30.jar;C:\Users\Srilaxmi\.m2\repository\org\projectlombok\lombok\1.18.12\lombok-1.18.12.jar;C:\Users\Srilaxmi\.m2\repository\com\google\code\gson\gson\2.8.6\gson-2.8.6.jar;C:\Users\Srilaxmi\.m2\repository\org\apache\poi\poi\4.1.2\poi-4.1.2.jar;C:\Users\Srilaxmi\.m2\repository\commons-codec\commons-codec\1.13\commons-codec-1.13.jar;C:\Users\Srilaxmi\.m2\repository\org\apache\commons\commons-collections4\4.4\commons-collections4-4.4.jar;C:\Users\Srilaxmi\.m2\repository\org\apache\commons\commons-math3\3.6.1\commons-math3-3.6.1.jar;C:\Users\Srilaxmi\.m2\repository\com\zaxxer\SparseBitSet\1.2\SparseBitSet-1.2.jar;C:\Users\Srilaxmi\.m2\repository\org\apache\poi\poi-ooxml\4.1.2\poi-ooxml-4.1.2.jar;C:\Users\Srilaxmi\.m2\repository\org\apache\poi\poi-ooxml-schemas\4.1.2\poi-ooxml-schemas-4.1.2.jar;C:\Users\Srilaxmi\.m2\repository\org\apache\xmlbeans\xmlbeans\3.1.0\xmlbeans-3.1.0.jar;C:\Users\Srilaxmi\.m2\repository\org\apache\commons\commons-compress\1.19\commons-compress-1.19.jar;C:\Users\Srilaxmi\.m2\repository\com\github\virtuald\curvesapi\1.06\curvesapi-1.06.jar;C:\Users\Srilaxmi\.m2\repository\com\google\guava\guava\28.0-jre\guava-28.0-jre.jar;C:\Users\Srilaxmi\.m2\repository\com\google\guava\failureaccess\1.0.1\failureaccess-1.0.1.jar;C:\Users\Srilaxmi\.m2\repository\com\google\guava\listenablefuture\9999.0-empty-to-avoid-conflict-with-guava\listenablefuture-9999.0-empty-to-avoid-conflict-with-guava.jar;C:\Users\Srilaxmi\.m2\repository\com\google\code\findbugs\jsr305\3.0.2\jsr305-3.0.2.jar;C:\Users\Srilaxmi\.m2\repository\org\checkerframework\checker-qual\2.8.1\checker-qual-2.8.1.jar;C:\Users\Srilaxmi\.m2\repository\com\google\errorprone\error_prone_annotations\2.3.2\error_prone_annotations-2.3.2.jar;C:\Users\Srilaxmi\.m2\repository\com\google\j2objc\j2objc-annotations\1.3\j2objc-annotations-1.3.jar;C:\Users\Srilaxmi\.m2\repository\org\codehaus\mojo\animal-sniffer-annotations\1.17\animal-sniffer-annotations-1.17.jar;"/>
    <property name="sun.cpu.endian" value="little"/>
    <property name="user.home" value="C:\Users\Srilaxmi"/>
    <property name="user.language" value="en"/>
    <property name="java.specification.vendor" value="Oracle Corporation"/>
    <property name="java.version.date" value="2020-07-14"/>
    <property name="java.home" value="C:\Program Files\Java\jdk-11.0.8"/>
    <property name="file.separator" value="\"/>
    <property name="basedir" value="C:\Users\Srilaxmi\Desktop\ProjectBackUp\caseStudy01"/>
    <property name="java.vm.compressedOopsMode" value="32-bit"/>
    <property name="line.separator" value="&#10;"/>
    <property name="java.specification.name" value="Java Platform API Specification"/>
    <property name="java.vm.specification.vendor" value="Oracle Corporation"/>
    <property name="java.awt.graphicsenv" value="sun.awt.Win32GraphicsEnvironment"/>
    <property name="surefire.real.class.path" value="C:\Users\Srilaxmi\AppData\Local\Temp\surefire6455416120451295647\surefirebooter9338402326415149399.jar"/>
    <property name="user.script" value=""/>
    <property name="sun.management.compiler" value="HotSpot 64-Bit Tiered Compilers"/>
    <property name="java.runtime.version" value="11.0.8+10-LTS"/>
    <property name="user.name" value="Srilaxmi"/>
    <property name="path.separator" value=";"/>
    <property name="os.version" value="10.0"/>
    <property name="java.runtime.name" value="Java(TM) SE Runtime Environment"/>
    <property name="file.encoding" value="Cp1252"/>
    <property name="java.vm.name" value="Java HotSpot(TM) 64-Bit Server VM"/>
    <property name="java.vendor.version" value="18.9"/>
    <property name="localRepository" value="C:\Users\Srilaxmi\.m2\repository"/>
    <property name="java.vendor.url.bug" value="https://bugreport.java.com/bugreport/"/>
    <property name="java.io.tmpdir" value="C:\Users\Srilaxmi\AppData\Local\Temp\"/>
    <property name="java.version" value="11.0.8"/>
    <property name="user.dir" value="C:\Users\Srilaxmi\Desktop\ProjectBackUp\caseStudy01"/>
    <property name="os.arch" value="amd64"/>
    <property name="java.vm.specification.name" value="Java Virtual Machine Specification"/>
    <property name="java.awt.printerjob" value="sun.awt.windows.WPrinterJob"/>
    <property name="sun.os.patch.level" value=""/>
    <property name="java.library.path" value="C:\Program Files\Java\jdk-11.0.8\bin;C:\WINDOWS\Sun\Java\bin;C:\WINDOWS\system32;C:\WINDOWS;D:\java\apache-maven-3.6.3/bin;C:\Program Files\Java\jdk-11.0.8/bin;C:\Program Files\Java\jdk-11.0.8/bin;C:\Windows\system32;C:\Windows;C:\Windows\System32\Wbem;C:\Windows\System32\WindowsPowerShell\v1.0\;C:\Windows\System32\OpenSSH\;C:\Program Files (x86)\NVIDIA Corporation\PhysX\Common;C:\Program Files\NVIDIA Corporation\NVIDIA NvDLISR;C:\WINDOWS\system32;C:\WINDOWS;C:\WINDOWS\System32\Wbem;C:\WINDOWS\System32\WindowsPowerShell\v1.0\;C:\WINDOWS\System32\OpenSSH\;C:\Program Files\Java\jdk-11.0.8\bin;D:\java\apache-maven-3.6.3\bin;C:\Program Files\Git\cmd;C:\Program Files\Docker\Docker\resources\bin;C:\ProgramData\DockerDesktop\version-bin;C:\Program Files\MySQL\MySQL Shell 8.0\bin\;C:\Users\Srilaxmi\AppData\Local\Programs\Python\Python36\Scripts\;C:\Users\Srilaxmi\AppData\Local\Programs\Python\Python36\;C:\Users\Srilaxmi\AppData\Local\Microsoft\WindowsApps;;C:\Program Files\JetBrains\PyCharm 2019.2.3\bin;;."/>
    <property name="java.vendor" value="Oracle Corporation"/>
    <property name="java.vm.info" value="mixed mode"/>
    <property name="java.vm.version" value="11.0.8+10-LTS"/>
    <property name="sun.io.unicode.encoding" value="UnicodeLittle"/>
    <property name="java.class.version" value="55.0"/>
  </properties>
  <testcase name="registrationTest[{firstname=Veeranaga, address=Address, gender=Male, languages=English,Hindi, serializeOption=Cross Browser Testing, country1=India, defaultOption=Extent Reports, lastname=Kandaraboina, country2=Australia, skills=Java, password=Password@123, phone=1234567890, hobbies=Cricket,Hockey,Movies, dob=5-May-96, confirmpassword=Password@123, email=veernag1@email.com}](1)" classname="com.caseStudy01.tests.RegistrationTests" time="26.082">
    <system-out><![CDATA[Reports/caseStudy01Report311212330.html
23:30:18.176 [main] INFO  com.caseStudy1.utils.ConfigFileReader - configFileReader object created
23:30:22.314 [main] INFO  com.caseStudy1.utils.ConfigFileReader - configFileReader object created
23:30:22.334 [main] INFO  com.caseStudy1.pageObjects.RegistrationPageObjects - Registration Page Object
23:30:22.363 [main] INFO  com.caseStudy1.utils.ConfigFileReader - configFileReader object created
23:30:22.363 [main] INFO  com.caseStudy1.pageObjects.WindowsPageObjects - Window Handling Page Object
23:30:22.370 [main] INFO  com.caseStudy1.utils.ConfigFileReader - configFileReader object created
23:30:22.370 [main] INFO  com.caseStudy1.pageObjects.AlertsPageObject - Alerts Page Object
23:30:22.379 [main] INFO  com.caseStudy1.utils.ConfigFileReader - configFileReader object created
23:30:22.380 [main] INFO  com.caseStudy1.pageObjects.FramesPageObject - Frames Object
23:30:22.387 [main] INFO  com.caseStudy1.utils.ConfigFileReader - configFileReader object created
23:30:22.387 [main] INFO  com.caseStudy1.pageObjects.DatePickerPageObject - Date Picker Object
23:30:22.393 [main] INFO  com.caseStudy1.utils.ConfigFileReader - configFileReader object created
23:30:22.393 [main] INFO  com.caseStudy1.pageObjects.SelectablePageObjects - Selectable Page Object
23:30:22.409 [main] INFO  com.caseStudy1.utils.ConfigFileReader - configFileReader object created
23:30:22.410 [main] INFO  com.caseStudy1.utils.Base - Starting driver
23:30:25.396 [TestNG-test=Registration-1] INFO  com.caseStudy1.utils.HelperClass - Navigating to: http://demo.automationtesting.in/Register.html
23:30:32.077 [TestNG-test=Registration-1] INFO  com.caseStudy1.pageObjects.RegistrationPageObjects - Entering Veeranaga in firstname box
23:30:32.946 [TestNG-test=Registration-1] DEBUG com.caseStudy1.utils.HelperClass - Veeranaga entered
23:30:32.947 [TestNG-test=Registration-1] INFO  com.caseStudy1.pageObjects.RegistrationPageObjects - Entering Kandaraboina in lastname box
23:30:33.735 [TestNG-test=Registration-1] DEBUG com.caseStudy1.utils.HelperClass - Kandaraboina entered
23:30:33.735 [TestNG-test=Registration-1] INFO  com.caseStudy1.pageObjects.RegistrationPageObjects - Entering Address in address box
23:30:34.499 [TestNG-test=Registration-1] DEBUG com.caseStudy1.utils.HelperClass - Address entered
23:30:34.499 [TestNG-test=Registration-1] INFO  com.caseStudy1.pageObjects.RegistrationPageObjects - Entering :veernag1@email.com in email box
23:30:35.285 [TestNG-test=Registration-1] DEBUG com.caseStudy1.utils.HelperClass - veernag1@email.com entered
23:30:35.285 [TestNG-test=Registration-1] INFO  com.caseStudy1.pageObjects.RegistrationPageObjects - Entering :1234567890 in phone number box
23:30:36.071 [TestNG-test=Registration-1] DEBUG com.caseStudy1.utils.HelperClass - 1234567890 entered
23:30:36.072 [TestNG-test=Registration-1] INFO  com.caseStudy1.pageObjects.RegistrationPageObjects - Searching : Male
23:30:36.093 [TestNG-test=Registration-1] DEBUG com.caseStudy1.pageObjects.RegistrationPageObjects - Male found
23:30:36.548 [TestNG-test=Registration-1] INFO  com.caseStudy1.utils.HelperClass - Element Clicked
23:30:36.549 [TestNG-test=Registration-1] INFO  com.caseStudy1.pageObjects.RegistrationPageObjects - Male clicked
23:30:36.549 [TestNG-test=Registration-1] INFO  com.caseStudy1.pageObjects.RegistrationPageObjects - Searching: Cricket
23:30:36.569 [TestNG-test=Registration-1] INFO  com.caseStudy1.pageObjects.RegistrationPageObjects - Cricket found
23:30:37.300 [TestNG-test=Registration-1] INFO  com.caseStudy1.utils.HelperClass - Element Clicked
23:30:37.300 [TestNG-test=Registration-1] INFO  com.caseStudy1.pageObjects.RegistrationPageObjects - Cricket clicked
23:30:37.300 [TestNG-test=Registration-1] INFO  com.caseStudy1.pageObjects.RegistrationPageObjects - Searching: Hockey
23:30:37.318 [TestNG-test=Registration-1] INFO  com.caseStudy1.pageObjects.RegistrationPageObjects - Hockey found
23:30:38.045 [TestNG-test=Registration-1] INFO  com.caseStudy1.utils.HelperClass - Element Clicked
23:30:38.046 [TestNG-test=Registration-1] INFO  com.caseStudy1.pageObjects.RegistrationPageObjects - Hockey clicked
23:30:38.046 [TestNG-test=Registration-1] INFO  com.caseStudy1.pageObjects.RegistrationPageObjects - Searching: Movies
23:30:38.066 [TestNG-test=Registration-1] INFO  com.caseStudy1.pageObjects.RegistrationPageObjects - Movies found
23:30:38.810 [TestNG-test=Registration-1] INFO  com.caseStudy1.utils.HelperClass - Element Clicked
23:30:38.810 [TestNG-test=Registration-1] INFO  com.caseStudy1.pageObjects.RegistrationPageObjects - Movies clicked
23:30:38.811 [TestNG-test=Registration-1] INFO  com.caseStudy1.pageObjects.RegistrationPageObjects - Clicking languages dropdown
23:30:39.516 [TestNG-test=Registration-1] INFO  com.caseStudy1.pageObjects.RegistrationPageObjects - Searching: English
23:30:39.536 [TestNG-test=Registration-1] INFO  com.caseStudy1.pageObjects.RegistrationPageObjects - English found
23:30:40.278 [TestNG-test=Registration-1] INFO  com.caseStudy1.utils.HelperClass - Element Clicked
23:30:40.278 [TestNG-test=Registration-1] INFO  com.caseStudy1.pageObjects.RegistrationPageObjects - English selected
23:30:40.278 [TestNG-test=Registration-1] INFO  com.caseStudy1.pageObjects.RegistrationPageObjects - Searching: Hindi
23:30:40.303 [TestNG-test=Registration-1] INFO  com.caseStudy1.pageObjects.RegistrationPageObjects - Hindi found
23:30:41.032 [TestNG-test=Registration-1] INFO  com.caseStudy1.utils.HelperClass - Element Clicked
23:30:41.033 [TestNG-test=Registration-1] INFO  com.caseStudy1.pageObjects.RegistrationPageObjects - Hindi selected
23:30:41.033 [TestNG-test=Registration-1] INFO  com.caseStudy1.pageObjects.RegistrationPageObjects - Searching skill :Java
23:30:41.914 [TestNG-test=Registration-1] INFO  com.caseStudy1.pageObjects.RegistrationPageObjects - Java found
23:30:42.712 [TestNG-test=Registration-1] INFO  com.caseStudy1.utils.HelperClass - Selected : Java
23:30:42.712 [TestNG-test=Registration-1] DEBUG com.caseStudy1.pageObjects.RegistrationPageObjects - Selecting country :India
23:30:43.494 [TestNG-test=Registration-1] INFO  com.caseStudy1.utils.HelperClass - Selected : India
23:30:43.494 [TestNG-test=Registration-1] INFO  com.caseStudy1.pageObjects.RegistrationPageObjects - Clicking select country dropdown
23:30:44.262 [TestNG-test=Registration-1] INFO  com.caseStudy1.utils.HelperClass - Element Clicked
23:30:44.262 [TestNG-test=Registration-1] DEBUG com.caseStudy1.pageObjects.RegistrationPageObjects - Selecting :Australia
23:30:44.678 [TestNG-test=Registration-1] INFO  com.caseStudy1.utils.HelperClass - Element Clicked
23:30:44.679 [TestNG-test=Registration-1] INFO  com.caseStudy1.pageObjects.RegistrationPageObjects - 05 May 1996
23:30:44.679 [TestNG-test=Registration-1] INFO  com.caseStudy1.pageObjects.RegistrationPageObjects - Checking : 5
23:30:44.705 [TestNG-test=Registration-1] INFO  com.caseStudy1.pageObjects.RegistrationPageObjects - NumberFormatException For input string: " Day "
23:30:44.717 [TestNG-test=Registration-1] INFO  com.caseStudy1.pageObjects.RegistrationPageObjects - NumberFormatException For input string: "1 "
23:30:45.054 [TestNG-test=Registration-1] INFO  com.caseStudy1.pageObjects.RegistrationPageObjects - 5 found
23:30:45.845 [TestNG-test=Registration-1] INFO  com.caseStudy1.utils.HelperClass - Selected : 5
23:30:45.846 [TestNG-test=Registration-1] INFO  com.caseStudy1.pageObjects.RegistrationPageObjects - Searching : May
23:30:45.998 [TestNG-test=Registration-1] INFO  com.caseStudy1.pageObjects.RegistrationPageObjects - May found
23:30:46.801 [TestNG-test=Registration-1] INFO  com.caseStudy1.utils.HelperClass - Selected : May
23:30:46.801 [TestNG-test=Registration-1] INFO  com.caseStudy1.pageObjects.RegistrationPageObjects - Searching : 1996
23:30:47.912 [TestNG-test=Registration-1] INFO  com.caseStudy1.pageObjects.RegistrationPageObjects - 1996 found
23:30:48.693 [TestNG-test=Registration-1] INFO  com.caseStudy1.utils.HelperClass - Selected : 1996
23:30:48.693 [TestNG-test=Registration-1] INFO  com.caseStudy1.pageObjects.RegistrationPageObjects - Entering password Password@123
23:30:49.498 [TestNG-test=Registration-1] DEBUG com.caseStudy1.utils.HelperClass - Password@123 entered
23:30:49.498 [TestNG-test=Registration-1] INFO  com.caseStudy1.pageObjects.RegistrationPageObjects - Confirming password Password@123
23:30:50.303 [TestNG-test=Registration-1] DEBUG com.caseStudy1.utils.HelperClass - Password@123 entered
23:30:51.050 [TestNG-test=Registration-1] INFO  com.caseStudy1.utils.HelperClass - Element Clicked
]]></system-out>
    <system-err><![CDATA[Starting ChromeDriver 87.0.4280.88 (89e2380a3e36c3464b5dd1302349b1382549290d-refs/branch-heads/4280@{#1761}) on port 36609
Only local connections are allowed.
Please see https://chromedriver.chromium.org/security-considerations for suggestions on keeping ChromeDriver safe.
ChromeDriver was started successfully.
[1612375220.198][WARNING]: This version of ChromeDriver has not been tested with Chrome version 88.
Feb 03, 2021 11:30:22 PM org.openqa.selenium.remote.ProtocolHandshake createSession
INFO: Detected dialect: W3C
]]></system-err>
  </testcase>
  <testcase name="windowHandling[{dateForDisabled=15/01/2022, seleniumText=Selenium automates browsers. That&apos;s it!, titles=SeleniumHQ Browser Automation,Index, dateForEnabled=14/11/1920}](1)" classname="com.caseStudy01.tests.WindowHandlingTests" time="16.392">
    <system-out><![CDATA[23:30:51.786 [main] INFO  com.caseStudy1.utils.ConfigFileReader - configFileReader object created
23:30:51.787 [main] INFO  com.caseStudy1.utils.Base - Starting driver
23:30:51.837 [TestNG-test=Window Handling-1] INFO  com.caseStudy1.utils.HelperClass - Navigating to: http://demo.automationtesting.in/Windows.html
23:30:55.243 [TestNG-test=Window Handling-1] INFO  com.caseStudy1.pageObjects.WindowsPageObjects - Clicking new tab button
23:30:56.052 [TestNG-test=Window Handling-1] INFO  com.caseStudy1.utils.HelperClass - Element Clicked
23:30:56.053 [TestNG-test=Window Handling-1] INFO  com.caseStudy1.pageObjects.WindowsPageObjects - Asserting text: Selenium automates browsers. That's it!
23:30:58.200 [TestNG-test=Window Handling-1] INFO  com.caseStudy1.utils.HelperClass - Extracted text : Selenium automates browsers. That's it!
23:30:58.200 [TestNG-test=Window Handling-1] INFO  com.caseStudy1.utils.HelperClass - Asserting - Selenium automates browsers. That's it! with Selenium automates browsers. That's it!
23:30:58.202 [TestNG-test=Window Handling-1] INFO  com.caseStudy1.utils.HelperClass - Closing window
23:30:58.283 [TestNG-test=Window Handling-1] INFO  com.caseStudy1.utils.HelperClass - Switched to window: CDwindow-17E39CE9FC78F9F2324F99E90A2D1AE0
23:30:58.283 [TestNG-test=Window Handling-1] INFO  com.caseStudy1.pageObjects.WindowsPageObjects - Clicking new seperate windows button
23:30:59.072 [TestNG-test=Window Handling-1] INFO  com.caseStudy1.utils.HelperClass - Element Clicked
23:30:59.073 [TestNG-test=Window Handling-1] INFO  com.caseStudy1.pageObjects.WindowsPageObjects - Clicking click button
23:30:59.902 [TestNG-test=Window Handling-1] INFO  com.caseStudy1.utils.HelperClass - Element Clicked
23:30:59.903 [TestNG-test=Window Handling-1] INFO  com.caseStudy1.pageObjects.WindowsPageObjects - Asserting text: Selenium automates browsers. That's it!
23:31:02.055 [TestNG-test=Window Handling-1] INFO  com.caseStudy1.utils.HelperClass - Extracted text : Selenium automates browsers. That's it!
23:31:02.055 [TestNG-test=Window Handling-1] INFO  com.caseStudy1.utils.HelperClass - Asserting - Selenium automates browsers. That's it! with Selenium automates browsers. That's it!
23:31:02.055 [TestNG-test=Window Handling-1] INFO  com.caseStudy1.utils.HelperClass - Closing window
23:31:02.120 [TestNG-test=Window Handling-1] INFO  com.caseStudy1.utils.HelperClass - Switched to window: CDwindow-17E39CE9FC78F9F2324F99E90A2D1AE0
23:31:02.121 [TestNG-test=Window Handling-1] INFO  com.caseStudy1.pageObjects.WindowsPageObjects - Clicking new seperate multiple windows button
23:31:02.875 [TestNG-test=Window Handling-1] INFO  com.caseStudy1.utils.HelperClass - Element Clicked
23:31:02.875 [TestNG-test=Window Handling-1] INFO  com.caseStudy1.pageObjects.WindowsPageObjects - Clicking click button
23:31:03.697 [TestNG-test=Window Handling-1] INFO  com.caseStudy1.utils.HelperClass - Element Clicked
23:31:03.697 [TestNG-test=Window Handling-1] INFO  com.caseStudy1.pageObjects.WindowsPageObjects - Asserting title SeleniumHQ Browser Automation
23:31:03.700 [TestNG-test=Window Handling-1] INFO  com.caseStudy1.pageObjects.WindowsPageObjects - Getting window title
23:31:03.729 [TestNG-test=Window Handling-1] INFO  com.caseStudy1.utils.HelperClass - Switched to window: CDwindow-C28CA67F3102C4013D66CF4DD3B6B354
23:31:05.774 [TestNG-test=Window Handling-1] INFO  com.caseStudy1.utils.HelperClass - Closing window
23:31:05.854 [TestNG-test=Window Handling-1] INFO  com.caseStudy1.utils.HelperClass - Switched to window: CDwindow-17E39CE9FC78F9F2324F99E90A2D1AE0
23:31:05.855 [TestNG-test=Window Handling-1] INFO  com.caseStudy1.utils.HelperClass - Asserting - SeleniumHQ Browser Automation with SeleniumHQ Browser Automation
23:31:05.855 [TestNG-test=Window Handling-1] INFO  com.caseStudy1.pageObjects.WindowsPageObjects - Asserting title Index
23:31:05.855 [TestNG-test=Window Handling-1] INFO  com.caseStudy1.pageObjects.WindowsPageObjects - Getting window title
23:31:05.921 [TestNG-test=Window Handling-1] INFO  com.caseStudy1.utils.HelperClass - Switched to window: CDwindow-44EE2C01101B726F0EF5FBA173DCAEED
23:31:07.968 [TestNG-test=Window Handling-1] INFO  com.caseStudy1.utils.HelperClass - Closing window
23:31:08.043 [TestNG-test=Window Handling-1] INFO  com.caseStudy1.utils.HelperClass - Switched to window: CDwindow-17E39CE9FC78F9F2324F99E90A2D1AE0
23:31:08.043 [TestNG-test=Window Handling-1] INFO  com.caseStudy1.utils.HelperClass - Asserting - Index with Index
]]></system-out>
  </testcase>
  <testcase name="alerTest[{nestedframetext=nestedframetext, singleframetext=singleframetext, alert2text=cancel, alert3name=veernag}](1)" classname="com.caseStudy01.tests.AlertsTests" time="7.289">
    <system-out><![CDATA[23:31:08.255 [main] INFO  com.caseStudy1.utils.ConfigFileReader - configFileReader object created
23:31:08.255 [main] INFO  com.caseStudy1.utils.Base - Starting driver
23:31:08.314 [TestNG-test=Alerts-1] INFO  com.caseStudy1.utils.HelperClass - Navigating to: http://demo.automationtesting.in/Alerts.html
23:31:11.500 [TestNG-test=Alerts-1] INFO  com.caseStudy1.pageObjects.AlertsPageObject - Clicking Alert1 Box
23:31:12.299 [TestNG-test=Alerts-1] INFO  com.caseStudy1.utils.HelperClass - Element Clicked
23:31:12.299 [TestNG-test=Alerts-1] INFO  com.caseStudy1.pageObjects.AlertsPageObject - Accepting alert1
23:31:12.320 [TestNG-test=Alerts-1] INFO  com.caseStudy1.utils.HelperClass - Alext accpetd
23:31:12.320 [TestNG-test=Alerts-1] INFO  com.caseStudy1.pageObjects.AlertsPageObject - Clicking alert 2 button
23:31:13.094 [TestNG-test=Alerts-1] INFO  com.caseStudy1.utils.HelperClass - Element Clicked
23:31:13.095 [TestNG-test=Alerts-1] INFO  com.caseStudy1.pageObjects.AlertsPageObject - Clicking alert 2 box
23:31:13.838 [TestNG-test=Alerts-1] INFO  com.caseStudy1.utils.HelperClass - Element Clicked
23:31:13.838 [TestNG-test=Alerts-1] INFO  com.caseStudy1.pageObjects.AlertsPageObject - Dismissing Alert2
23:31:13.844 [TestNG-test=Alerts-1] INFO  com.caseStudy1.utils.HelperClass - Alext dismissed
23:31:13.844 [TestNG-test=Alerts-1] INFO  com.caseStudy1.pageObjects.AlertsPageObject - Getting alert2 text
23:31:13.906 [TestNG-test=Alerts-1] INFO  com.caseStudy1.utils.HelperClass - Extracted text : You Pressed Cancel
23:31:13.907 [TestNG-test=Alerts-1] INFO  com.caseStudy1.utils.HelperClass - Asserting - You Pressed Cancel with You Pressed Cancel
23:31:14.686 [TestNG-test=Alerts-1] INFO  com.caseStudy1.utils.HelperClass - Element Clicked
23:31:15.432 [TestNG-test=Alerts-1] INFO  com.caseStudy1.utils.HelperClass - Element Clicked
23:31:15.433 [TestNG-test=Alerts-1] INFO  com.caseStudy1.pageObjects.AlertsPageObject - Dismissing Alert
23:31:15.450 [TestNG-test=Alerts-1] INFO  com.caseStudy1.utils.HelperClass - Alext dismissed
]]></system-out>
  </testcase>
  <testcase name="framesTest[{nestedframetext=nestedframetext, singleframetext=singleframetext, alert2text=cancel, alert3name=veernag}](1)" classname="com.caseStudy01.tests.FramesTests" time="7.405">
    <system-out><![CDATA[23:31:15.639 [main] INFO  com.caseStudy1.utils.ConfigFileReader - configFileReader object created
23:31:15.640 [main] INFO  com.caseStudy1.utils.Base - Starting driver
23:31:15.689 [TestNG-test=Frames-1] INFO  com.caseStudy1.utils.HelperClass - Navigating to: http://demo.automationtesting.in/Frames.html
23:31:18.503 [TestNG-test=Frames-1] INFO  com.caseStudy1.pageObjects.FramesPageObject - Switching to frame
23:31:19.196 [TestNG-test=Frames-1] INFO  com.caseStudy1.utils.HelperClass - Switching to frame
23:31:19.240 [TestNG-test=Frames-1] INFO  com.caseStudy1.pageObjects.FramesPageObject - Entering singleframetext in text box
23:31:20.022 [TestNG-test=Frames-1] DEBUG com.caseStudy1.utils.HelperClass - singleframetext entered
23:31:20.022 [TestNG-test=Frames-1] INFO  com.caseStudy1.utils.HelperClass - Switching to default content
23:31:20.042 [TestNG-test=Frames-1] INFO  com.caseStudy1.pageObjects.FramesPageObject - Clicking nested frame button
23:31:20.791 [TestNG-test=Frames-1] INFO  com.caseStudy1.utils.HelperClass - Element Clicked
23:31:20.791 [TestNG-test=Frames-1] INFO  com.caseStudy1.pageObjects.FramesPageObject - Switching to outer frame
23:31:21.450 [TestNG-test=Frames-1] INFO  com.caseStudy1.utils.HelperClass - Switching to frame
23:31:21.492 [TestNG-test=Frames-1] INFO  com.caseStudy1.pageObjects.FramesPageObject - Switching to nested frame
23:31:22.149 [TestNG-test=Frames-1] INFO  com.caseStudy1.utils.HelperClass - Switching to frame
23:31:22.200 [TestNG-test=Frames-1] INFO  com.caseStudy1.pageObjects.FramesPageObject - Entering nestedframetext in text box
23:31:22.972 [TestNG-test=Frames-1] DEBUG com.caseStudy1.utils.HelperClass - nestedframetext entered
23:31:22.972 [TestNG-test=Frames-1] INFO  com.caseStudy1.utils.HelperClass - Switching to default content
]]></system-out>
  </testcase>
  <testcase name="dataPickerTest[{dateForDisabled=15/01/2022, seleniumText=Selenium automates browsers. That&apos;s it!, titles=SeleniumHQ Browser Automation,Index, dateForEnabled=14/11/1920}](1)" classname="com.caseStudy01.tests.DatePickerTests" time="25.703">
    <system-out><![CDATA[23:31:23.118 [main] INFO  com.caseStudy1.utils.ConfigFileReader - configFileReader object created
23:31:23.118 [main] INFO  com.caseStudy1.utils.Base - Starting driver
23:31:23.163 [TestNG-test=Date Picker-1] INFO  com.caseStudy1.utils.HelperClass - Navigating to: http://demo.automationtesting.in/Datepicker.html
23:31:28.399 [TestNG-test=Date Picker-1] INFO  com.caseStudy1.pageObjects.DatePickerPageObject - Clicking date picker
23:31:29.174 [TestNG-test=Date Picker-1] INFO  com.caseStudy1.utils.HelperClass - Element Clicked
23:31:29.175 [TestNG-test=Date Picker-1] INFO  com.caseStudy1.pageObjects.DatePickerPageObject - Selecting date in disabled date picker
date to click : 15/01/2022
Sat Jan 15 00:00:00 IST 2022
23:31:29.175 [TestNG-test=Date Picker-1] INFO  com.caseStudy1.pageObjects.DatePickerPageObject - 15 January 2022
15/January/2022
23:31:29.176 [TestNG-test=Date Picker-1] INFO  com.caseStudy1.pageObjects.DatePickerPageObject - Future date
23:31:29.232 [TestNG-test=Date Picker-1] INFO  com.caseStudy1.utils.HelperClass - Extracted text : 2021
23:31:29.232 [TestNG-test=Date Picker-1] INFO  com.caseStudy1.pageObjects.DatePickerPageObject - Checked year: 2021
23:31:29.232 [TestNG-test=Date Picker-1] INFO  com.caseStudy1.pageObjects.DatePickerPageObject - Clicking next Button
23:31:30.006 [TestNG-test=Date Picker-1] INFO  com.caseStudy1.utils.HelperClass - Element Clicked
23:31:30.062 [TestNG-test=Date Picker-1] INFO  com.caseStudy1.utils.HelperClass - Extracted text : 2021
23:31:30.062 [TestNG-test=Date Picker-1] INFO  com.caseStudy1.pageObjects.DatePickerPageObject - Checked year: 2021
23:31:30.062 [TestNG-test=Date Picker-1] INFO  com.caseStudy1.pageObjects.DatePickerPageObject - Clicking next Button
23:31:30.826 [TestNG-test=Date Picker-1] INFO  com.caseStudy1.utils.HelperClass - Element Clicked
23:31:30.886 [TestNG-test=Date Picker-1] INFO  com.caseStudy1.utils.HelperClass - Extracted text : 2021
23:31:30.886 [TestNG-test=Date Picker-1] INFO  com.caseStudy1.pageObjects.DatePickerPageObject - Checked year: 2021
23:31:30.886 [TestNG-test=Date Picker-1] INFO  com.caseStudy1.pageObjects.DatePickerPageObject - Clicking next Button
23:31:31.641 [TestNG-test=Date Picker-1] INFO  com.caseStudy1.utils.HelperClass - Element Clicked
23:31:31.700 [TestNG-test=Date Picker-1] INFO  com.caseStudy1.utils.HelperClass - Extracted text : 2021
23:31:31.700 [TestNG-test=Date Picker-1] INFO  com.caseStudy1.pageObjects.DatePickerPageObject - Checked year: 2021
23:31:31.700 [TestNG-test=Date Picker-1] INFO  com.caseStudy1.pageObjects.DatePickerPageObject - Clicking next Button
23:31:32.455 [TestNG-test=Date Picker-1] INFO  com.caseStudy1.utils.HelperClass - Element Clicked
23:31:32.511 [TestNG-test=Date Picker-1] INFO  com.caseStudy1.utils.HelperClass - Extracted text : 2021
23:31:32.512 [TestNG-test=Date Picker-1] INFO  com.caseStudy1.pageObjects.DatePickerPageObject - Checked year: 2021
23:31:32.512 [TestNG-test=Date Picker-1] INFO  com.caseStudy1.pageObjects.DatePickerPageObject - Clicking next Button
23:31:33.291 [TestNG-test=Date Picker-1] INFO  com.caseStudy1.utils.HelperClass - Element Clicked
23:31:33.354 [TestNG-test=Date Picker-1] INFO  com.caseStudy1.utils.HelperClass - Extracted text : 2021
23:31:33.354 [TestNG-test=Date Picker-1] INFO  com.caseStudy1.pageObjects.DatePickerPageObject - Checked year: 2021
23:31:33.354 [TestNG-test=Date Picker-1] INFO  com.caseStudy1.pageObjects.DatePickerPageObject - Clicking next Button
23:31:34.122 [TestNG-test=Date Picker-1] INFO  com.caseStudy1.utils.HelperClass - Element Clicked
23:31:34.183 [TestNG-test=Date Picker-1] INFO  com.caseStudy1.utils.HelperClass - Extracted text : 2021
23:31:34.183 [TestNG-test=Date Picker-1] INFO  com.caseStudy1.pageObjects.DatePickerPageObject - Checked year: 2021
23:31:34.183 [TestNG-test=Date Picker-1] INFO  com.caseStudy1.pageObjects.DatePickerPageObject - Clicking next Button
23:31:34.967 [TestNG-test=Date Picker-1] INFO  com.caseStudy1.utils.HelperClass - Element Clicked
23:31:35.030 [TestNG-test=Date Picker-1] INFO  com.caseStudy1.utils.HelperClass - Extracted text : 2021
23:31:35.030 [TestNG-test=Date Picker-1] INFO  com.caseStudy1.pageObjects.DatePickerPageObject - Checked year: 2021
23:31:35.030 [TestNG-test=Date Picker-1] INFO  com.caseStudy1.pageObjects.DatePickerPageObject - Clicking next Button
23:31:35.796 [TestNG-test=Date Picker-1] INFO  com.caseStudy1.utils.HelperClass - Element Clicked
23:31:35.857 [TestNG-test=Date Picker-1] INFO  com.caseStudy1.utils.HelperClass - Extracted text : 2021
23:31:35.857 [TestNG-test=Date Picker-1] INFO  com.caseStudy1.pageObjects.DatePickerPageObject - Checked year: 2021
23:31:35.857 [TestNG-test=Date Picker-1] INFO  com.caseStudy1.pageObjects.DatePickerPageObject - Clicking next Button
23:31:36.642 [TestNG-test=Date Picker-1] INFO  com.caseStudy1.utils.HelperClass - Element Clicked
23:31:36.700 [TestNG-test=Date Picker-1] INFO  com.caseStudy1.utils.HelperClass - Extracted text : 2021
23:31:36.700 [TestNG-test=Date Picker-1] INFO  com.caseStudy1.pageObjects.DatePickerPageObject - Checked year: 2021
23:31:36.701 [TestNG-test=Date Picker-1] INFO  com.caseStudy1.pageObjects.DatePickerPageObject - Clicking next Button
23:31:37.446 [TestNG-test=Date Picker-1] INFO  com.caseStudy1.utils.HelperClass - Element Clicked
23:31:37.510 [TestNG-test=Date Picker-1] INFO  com.caseStudy1.utils.HelperClass - Extracted text : 2021
23:31:37.510 [TestNG-test=Date Picker-1] INFO  com.caseStudy1.pageObjects.DatePickerPageObject - Checked year: 2021
23:31:37.510 [TestNG-test=Date Picker-1] INFO  com.caseStudy1.pageObjects.DatePickerPageObject - Clicking next Button
23:31:38.261 [TestNG-test=Date Picker-1] INFO  com.caseStudy1.utils.HelperClass - Element Clicked
23:31:38.321 [TestNG-test=Date Picker-1] INFO  com.caseStudy1.utils.HelperClass - Extracted text : 2022
23:31:38.321 [TestNG-test=Date Picker-1] INFO  com.caseStudy1.pageObjects.DatePickerPageObject - Checked year: 2022
23:31:38.386 [TestNG-test=Date Picker-1] INFO  com.caseStudy1.utils.HelperClass - Extracted text : January
23:31:38.386 [TestNG-test=Date Picker-1] INFO  com.caseStudy1.pageObjects.DatePickerPageObject - Checked month : January
23:31:38.386 [TestNG-test=Date Picker-1] INFO  com.caseStudy1.pageObjects.DatePickerPageObject - Clicking day : 15
23:31:38.457 [TestNG-test=Date Picker-1] INFO  com.caseStudy1.pageObjects.DatePickerPageObject - Clicking date picker
23:31:39.260 [TestNG-test=Date Picker-1] INFO  com.caseStudy1.utils.HelperClass - Element Clicked
23:31:39.260 [TestNG-test=Date Picker-1] INFO  com.caseStudy1.pageObjects.DatePickerPageObject - Selecting date in enabled date picker
14/11/1920
Sun Nov 14 00:00:00 IST 1920
23:31:39.261 [TestNG-test=Date Picker-1] INFO  com.caseStudy1.pageObjects.DatePickerPageObject - 14 November 1920
23:31:39.261 [TestNG-test=Date Picker-1] INFO  com.caseStudy1.pageObjects.DatePickerPageObject - Checking 1920 present in the current list
23:31:39.308 [TestNG-test=Date Picker-1] INFO  com.caseStudy1.utils.HelperClass - Extracted text : 
23:31:39.308 [TestNG-test=Date Picker-1] INFO  com.caseStudy1.pageObjects.DatePickerPageObject - Checking year: 
23:31:39.337 [TestNG-test=Date Picker-1] INFO  com.caseStudy1.utils.HelperClass - Extracted text : 
23:31:39.337 [TestNG-test=Date Picker-1] INFO  com.caseStudy1.pageObjects.DatePickerPageObject - Checking year: 
23:31:39.369 [TestNG-test=Date Picker-1] INFO  com.caseStudy1.utils.HelperClass - Extracted text : 
23:31:39.369 [TestNG-test=Date Picker-1] INFO  com.caseStudy1.pageObjects.DatePickerPageObject - Checking year: 
23:31:39.402 [TestNG-test=Date Picker-1] INFO  com.caseStudy1.utils.HelperClass - Extracted text : 
23:31:39.402 [TestNG-test=Date Picker-1] INFO  com.caseStudy1.pageObjects.DatePickerPageObject - Checking year: 
23:31:39.432 [TestNG-test=Date Picker-1] INFO  com.caseStudy1.utils.HelperClass - Extracted text : 
23:31:39.432 [TestNG-test=Date Picker-1] INFO  com.caseStudy1.pageObjects.DatePickerPageObject - Checking year: 
23:31:39.466 [TestNG-test=Date Picker-1] INFO  com.caseStudy1.utils.HelperClass - Extracted text : 
23:31:39.466 [TestNG-test=Date Picker-1] INFO  com.caseStudy1.pageObjects.DatePickerPageObject - Checking year: 
23:31:39.495 [TestNG-test=Date Picker-1] INFO  com.caseStudy1.utils.HelperClass - Extracted text : 
23:31:39.496 [TestNG-test=Date Picker-1] INFO  com.caseStudy1.pageObjects.DatePickerPageObject - Checking year: 
23:31:39.526 [TestNG-test=Date Picker-1] INFO  com.caseStudy1.utils.HelperClass - Extracted text : 2017
23:31:39.526 [TestNG-test=Date Picker-1] INFO  com.caseStudy1.pageObjects.DatePickerPageObject - Checking year: 2017
23:31:39.555 [TestNG-test=Date Picker-1] INFO  com.caseStudy1.utils.HelperClass - Extracted text : 2018
23:31:39.555 [TestNG-test=Date Picker-1] INFO  com.caseStudy1.pageObjects.DatePickerPageObject - Checking year: 2018
23:31:39.584 [TestNG-test=Date Picker-1] INFO  com.caseStudy1.utils.HelperClass - Extracted text : 2019
23:31:39.584 [TestNG-test=Date Picker-1] INFO  com.caseStudy1.pageObjects.DatePickerPageObject - Checking year: 2019
23:31:39.618 [TestNG-test=Date Picker-1] INFO  com.caseStudy1.utils.HelperClass - Extracted text : 2020
23:31:39.618 [TestNG-test=Date Picker-1] INFO  com.caseStudy1.pageObjects.DatePickerPageObject - Checking year: 2020
23:31:39.647 [TestNG-test=Date Picker-1] INFO  com.caseStudy1.utils.HelperClass - Extracted text : 2021
23:31:39.647 [TestNG-test=Date Picker-1] INFO  com.caseStudy1.pageObjects.DatePickerPageObject - Checking year: 2021
23:31:39.678 [TestNG-test=Date Picker-1] INFO  com.caseStudy1.utils.HelperClass - Extracted text : 2022
23:31:39.678 [TestNG-test=Date Picker-1] INFO  com.caseStudy1.pageObjects.DatePickerPageObject - Checking year: 2022
23:31:39.709 [TestNG-test=Date Picker-1] INFO  com.caseStudy1.utils.HelperClass - Extracted text : 2023
23:31:39.710 [TestNG-test=Date Picker-1] INFO  com.caseStudy1.pageObjects.DatePickerPageObject - Checking year: 2023
23:31:39.738 [TestNG-test=Date Picker-1] INFO  com.caseStudy1.utils.HelperClass - Extracted text : 2024
23:31:39.738 [TestNG-test=Date Picker-1] INFO  com.caseStudy1.pageObjects.DatePickerPageObject - Checking year: 2024
23:31:39.756 [TestNG-test=Date Picker-1] INFO  com.caseStudy1.utils.HelperClass - Extracted text : 2025
23:31:39.756 [TestNG-test=Date Picker-1] INFO  com.caseStudy1.pageObjects.DatePickerPageObject - Checking year: 2025
23:31:39.769 [TestNG-test=Date Picker-1] INFO  com.caseStudy1.utils.HelperClass - Extracted text : 2026
23:31:39.769 [TestNG-test=Date Picker-1] INFO  com.caseStudy1.pageObjects.DatePickerPageObject - Checking year: 2026
23:31:39.787 [TestNG-test=Date Picker-1] INFO  com.caseStudy1.utils.HelperClass - Extracted text : 2027
23:31:39.787 [TestNG-test=Date Picker-1] INFO  com.caseStudy1.pageObjects.DatePickerPageObject - Checking year: 2027
23:31:39.818 [TestNG-test=Date Picker-1] INFO  com.caseStudy1.utils.HelperClass - Extracted text : 2028
23:31:39.818 [TestNG-test=Date Picker-1] INFO  com.caseStudy1.pageObjects.DatePickerPageObject - Checking year: 2028
23:31:39.836 [TestNG-test=Date Picker-1] INFO  com.caseStudy1.utils.HelperClass - Extracted text : 2029
23:31:39.836 [TestNG-test=Date Picker-1] INFO  com.caseStudy1.pageObjects.DatePickerPageObject - Checking year: 2029
23:31:39.865 [TestNG-test=Date Picker-1] INFO  com.caseStudy1.utils.HelperClass - Extracted text : 2030
23:31:39.865 [TestNG-test=Date Picker-1] INFO  com.caseStudy1.pageObjects.DatePickerPageObject - Checking year: 2030
23:31:39.898 [TestNG-test=Date Picker-1] INFO  com.caseStudy1.utils.HelperClass - Extracted text : 2031
23:31:39.898 [TestNG-test=Date Picker-1] INFO  com.caseStudy1.pageObjects.DatePickerPageObject - Checking year: 2031
23:31:39.930 [TestNG-test=Date Picker-1] INFO  com.caseStudy1.utils.HelperClass - Extracted text :   ?
23:31:39.931 [TestNG-test=Date Picker-1] INFO  com.caseStudy1.pageObjects.DatePickerPageObject - Checking year:   ?
23:31:39.931 [TestNG-test=Date Picker-1] INFO  com.caseStudy1.pageObjects.DatePickerPageObject - Year not found in the current list
23:31:39.988 [TestNG-test=Date Picker-1] INFO  com.caseStudy1.utils.HelperClass - Extracted text : 2031
23:31:39.989 [TestNG-test=Date Picker-1] INFO  com.caseStudy1.pageObjects.DatePickerPageObject - Past year
23:31:39.989 [TestNG-test=Date Picker-1] INFO  com.caseStudy1.pageObjects.DatePickerPageObject - Clicking up button
23:31:40.773 [TestNG-test=Date Picker-1] INFO  com.caseStudy1.utils.HelperClass - Selected option at index: 0
23:31:40.773 [TestNG-test=Date Picker-1] INFO  com.caseStudy1.pageObjects.DatePickerPageObject - Checking 1920 present in the current list
23:31:40.817 [TestNG-test=Date Picker-1] INFO  com.caseStudy1.utils.HelperClass - Extracted text :   ?
23:31:40.818 [TestNG-test=Date Picker-1] INFO  com.caseStudy1.pageObjects.DatePickerPageObject - Checking year:   ?
23:31:40.848 [TestNG-test=Date Picker-1] INFO  com.caseStudy1.utils.HelperClass - Extracted text : 1991
23:31:40.848 [TestNG-test=Date Picker-1] INFO  com.caseStudy1.pageObjects.DatePickerPageObject - Checking year: 1991
23:31:40.880 [TestNG-test=Date Picker-1] INFO  com.caseStudy1.utils.HelperClass - Extracted text : 1992
23:31:40.880 [TestNG-test=Date Picker-1] INFO  com.caseStudy1.pageObjects.DatePickerPageObject - Checking year: 1992
23:31:40.911 [TestNG-test=Date Picker-1] INFO  com.caseStudy1.utils.HelperClass - Extracted text : 1993
23:31:40.911 [TestNG-test=Date Picker-1] INFO  com.caseStudy1.pageObjects.DatePickerPageObject - Checking year: 1993
23:31:40.942 [TestNG-test=Date Picker-1] INFO  com.caseStudy1.utils.HelperClass - Extracted text : 1994
23:31:40.942 [TestNG-test=Date Picker-1] INFO  com.caseStudy1.pageObjects.DatePickerPageObject - Checking year: 1994
23:31:40.957 [TestNG-test=Date Picker-1] INFO  com.caseStudy1.utils.HelperClass - Extracted text : 1995
23:31:40.957 [TestNG-test=Date Picker-1] INFO  com.caseStudy1.pageObjects.DatePickerPageObject - Checking year: 1995
23:31:40.972 [TestNG-test=Date Picker-1] INFO  com.caseStudy1.utils.HelperClass - Extracted text : 1996
23:31:40.972 [TestNG-test=Date Picker-1] INFO  com.caseStudy1.pageObjects.DatePickerPageObject - Checking year: 1996
23:31:40.989 [TestNG-test=Date Picker-1] INFO  com.caseStudy1.utils.HelperClass - Extracted text : 1997
23:31:40.989 [TestNG-test=Date Picker-1] INFO  com.caseStudy1.pageObjects.DatePickerPageObject - Checking year: 1997
23:31:41.021 [TestNG-test=Date Picker-1] INFO  com.caseStudy1.utils.HelperClass - Extracted text : 1998
23:31:41.021 [TestNG-test=Date Picker-1] INFO  com.caseStudy1.pageObjects.DatePickerPageObject - Checking year: 1998
23:31:41.051 [TestNG-test=Date Picker-1] INFO  com.caseStudy1.utils.HelperClass - Extracted text : 1999
23:31:41.051 [TestNG-test=Date Picker-1] INFO  com.caseStudy1.pageObjects.DatePickerPageObject - Checking year: 1999
23:31:41.082 [TestNG-test=Date Picker-1] INFO  com.caseStudy1.utils.HelperClass - Extracted text : 2000
23:31:41.082 [TestNG-test=Date Picker-1] INFO  com.caseStudy1.pageObjects.DatePickerPageObject - Checking year: 2000
23:31:41.100 [TestNG-test=Date Picker-1] INFO  com.caseStudy1.utils.HelperClass - Extracted text : 2001
23:31:41.100 [TestNG-test=Date Picker-1] INFO  com.caseStudy1.pageObjects.DatePickerPageObject - Checking year: 2001
23:31:41.129 [TestNG-test=Date Picker-1] INFO  com.caseStudy1.utils.HelperClass - Extracted text : 2002
23:31:41.129 [TestNG-test=Date Picker-1] INFO  com.caseStudy1.pageObjects.DatePickerPageObject - Checking year: 2002
23:31:41.161 [TestNG-test=Date Picker-1] INFO  com.caseStudy1.utils.HelperClass - Extracted text : 2003
23:31:41.161 [TestNG-test=Date Picker-1] INFO  com.caseStudy1.pageObjects.DatePickerPageObject - Checking year: 2003
23:31:41.193 [TestNG-test=Date Picker-1] INFO  com.caseStudy1.utils.HelperClass - Extracted text : 2004
23:31:41.193 [TestNG-test=Date Picker-1] INFO  com.caseStudy1.pageObjects.DatePickerPageObject - Checking year: 2004
23:31:41.224 [TestNG-test=Date Picker-1] INFO  com.caseStudy1.utils.HelperClass - Extracted text : 2005
23:31:41.224 [TestNG-test=Date Picker-1] INFO  com.caseStudy1.pageObjects.DatePickerPageObject - Checking year: 2005
23:31:41.260 [TestNG-test=Date Picker-1] INFO  com.caseStudy1.utils.HelperClass - Extracted text : 2006
23:31:41.260 [TestNG-test=Date Picker-1] INFO  com.caseStudy1.pageObjects.DatePickerPageObject - Checking year: 2006
23:31:41.285 [TestNG-test=Date Picker-1] INFO  com.caseStudy1.utils.HelperClass - Extracted text : 2007
23:31:41.285 [TestNG-test=Date Picker-1] INFO  com.caseStudy1.pageObjects.DatePickerPageObject - Checking year: 2007
23:31:41.318 [TestNG-test=Date Picker-1] INFO  com.caseStudy1.utils.HelperClass - Extracted text : 2008
23:31:41.318 [TestNG-test=Date Picker-1] INFO  com.caseStudy1.pageObjects.DatePickerPageObject - Checking year: 2008
23:31:41.347 [TestNG-test=Date Picker-1] INFO  com.caseStudy1.utils.HelperClass - Extracted text : 2009
23:31:41.347 [TestNG-test=Date Picker-1] INFO  com.caseStudy1.pageObjects.DatePickerPageObject - Checking year: 2009
23:31:41.362 [TestNG-test=Date Picker-1] INFO  com.caseStudy1.utils.HelperClass - Extracted text : 2010
23:31:41.363 [TestNG-test=Date Picker-1] INFO  com.caseStudy1.pageObjects.DatePickerPageObject - Checking year: 2010
23:31:41.378 [TestNG-test=Date Picker-1] INFO  com.caseStudy1.utils.HelperClass - Extracted text : 2011
23:31:41.378 [TestNG-test=Date Picker-1] INFO  com.caseStudy1.pageObjects.DatePickerPageObject - Checking year: 2011
23:31:41.412 [TestNG-test=Date Picker-1] INFO  com.caseStudy1.utils.HelperClass - Extracted text :   ?
23:31:41.412 [TestNG-test=Date Picker-1] INFO  com.caseStudy1.pageObjects.DatePickerPageObject - Checking year:   ?
23:31:41.412 [TestNG-test=Date Picker-1] INFO  com.caseStudy1.pageObjects.DatePickerPageObject - Year not found in the current list
23:31:41.472 [TestNG-test=Date Picker-1] INFO  com.caseStudy1.utils.HelperClass - Extracted text : 2011
23:31:41.472 [TestNG-test=Date Picker-1] INFO  com.caseStudy1.pageObjects.DatePickerPageObject - Past year
23:31:41.473 [TestNG-test=Date Picker-1] INFO  com.caseStudy1.pageObjects.DatePickerPageObject - Clicking up button
23:31:42.255 [TestNG-test=Date Picker-1] INFO  com.caseStudy1.utils.HelperClass - Selected option at index: 0
23:31:42.255 [TestNG-test=Date Picker-1] INFO  com.caseStudy1.pageObjects.DatePickerPageObject - Checking 1920 present in the current list
23:31:42.301 [TestNG-test=Date Picker-1] INFO  com.caseStudy1.utils.HelperClass - Extracted text :   ?
23:31:42.301 [TestNG-test=Date Picker-1] INFO  com.caseStudy1.pageObjects.DatePickerPageObject - Checking year:   ?
23:31:42.317 [TestNG-test=Date Picker-1] INFO  com.caseStudy1.utils.HelperClass - Extracted text : 1971
23:31:42.317 [TestNG-test=Date Picker-1] INFO  com.caseStudy1.pageObjects.DatePickerPageObject - Checking year: 1971
23:31:42.333 [TestNG-test=Date Picker-1] INFO  com.caseStudy1.utils.HelperClass - Extracted text : 1972
23:31:42.333 [TestNG-test=Date Picker-1] INFO  com.caseStudy1.pageObjects.DatePickerPageObject - Checking year: 1972
23:31:42.348 [TestNG-test=Date Picker-1] INFO  com.caseStudy1.utils.HelperClass - Extracted text : 1973
23:31:42.349 [TestNG-test=Date Picker-1] INFO  com.caseStudy1.pageObjects.DatePickerPageObject - Checking year: 1973
23:31:42.367 [TestNG-test=Date Picker-1] INFO  com.caseStudy1.utils.HelperClass - Extracted text : 1974
23:31:42.367 [TestNG-test=Date Picker-1] INFO  com.caseStudy1.pageObjects.DatePickerPageObject - Checking year: 1974
23:31:42.396 [TestNG-test=Date Picker-1] INFO  com.caseStudy1.utils.HelperClass - Extracted text : 1975
23:31:42.396 [TestNG-test=Date Picker-1] INFO  com.caseStudy1.pageObjects.DatePickerPageObject - Checking year: 1975
23:31:42.411 [TestNG-test=Date Picker-1] INFO  com.caseStudy1.utils.HelperClass - Extracted text : 1976
23:31:42.411 [TestNG-test=Date Picker-1] INFO  com.caseStudy1.pageObjects.DatePickerPageObject - Checking year: 1976
23:31:42.427 [TestNG-test=Date Picker-1] INFO  com.caseStudy1.utils.HelperClass - Extracted text : 1977
23:31:42.427 [TestNG-test=Date Picker-1] INFO  com.caseStudy1.pageObjects.DatePickerPageObject - Checking year: 1977
23:31:42.443 [TestNG-test=Date Picker-1] INFO  com.caseStudy1.utils.HelperClass - Extracted text : 1978
23:31:42.443 [TestNG-test=Date Picker-1] INFO  com.caseStudy1.pageObjects.DatePickerPageObject - Checking year: 1978
23:31:42.473 [TestNG-test=Date Picker-1] INFO  com.caseStudy1.utils.HelperClass - Extracted text : 1979
23:31:42.473 [TestNG-test=Date Picker-1] INFO  com.caseStudy1.pageObjects.DatePickerPageObject - Checking year: 1979
23:31:42.487 [TestNG-test=Date Picker-1] INFO  com.caseStudy1.utils.HelperClass - Extracted text : 1980
23:31:42.487 [TestNG-test=Date Picker-1] INFO  com.caseStudy1.pageObjects.DatePickerPageObject - Checking year: 1980
23:31:42.504 [TestNG-test=Date Picker-1] INFO  com.caseStudy1.utils.HelperClass - Extracted text : 1981
23:31:42.504 [TestNG-test=Date Picker-1] INFO  com.caseStudy1.pageObjects.DatePickerPageObject - Checking year: 1981
23:31:42.536 [TestNG-test=Date Picker-1] INFO  com.caseStudy1.utils.HelperClass - Extracted text : 1982
23:31:42.536 [TestNG-test=Date Picker-1] INFO  com.caseStudy1.pageObjects.DatePickerPageObject - Checking year: 1982
23:31:42.568 [TestNG-test=Date Picker-1] INFO  com.caseStudy1.utils.HelperClass - Extracted text : 1983
23:31:42.568 [TestNG-test=Date Picker-1] INFO  com.caseStudy1.pageObjects.DatePickerPageObject - Checking year: 1983
23:31:42.597 [TestNG-test=Date Picker-1] INFO  com.caseStudy1.utils.HelperClass - Extracted text : 1984
23:31:42.597 [TestNG-test=Date Picker-1] INFO  com.caseStudy1.pageObjects.DatePickerPageObject - Checking year: 1984
23:31:42.612 [TestNG-test=Date Picker-1] INFO  com.caseStudy1.utils.HelperClass - Extracted text : 1985
23:31:42.612 [TestNG-test=Date Picker-1] INFO  com.caseStudy1.pageObjects.DatePickerPageObject - Checking year: 1985
23:31:42.628 [TestNG-test=Date Picker-1] INFO  com.caseStudy1.utils.HelperClass - Extracted text : 1986
23:31:42.629 [TestNG-test=Date Picker-1] INFO  com.caseStudy1.pageObjects.DatePickerPageObject - Checking year: 1986
23:31:42.660 [TestNG-test=Date Picker-1] INFO  com.caseStudy1.utils.HelperClass - Extracted text : 1987
23:31:42.661 [TestNG-test=Date Picker-1] INFO  com.caseStudy1.pageObjects.DatePickerPageObject - Checking year: 1987
23:31:42.690 [TestNG-test=Date Picker-1] INFO  com.caseStudy1.utils.HelperClass - Extracted text : 1988
23:31:42.690 [TestNG-test=Date Picker-1] INFO  com.caseStudy1.pageObjects.DatePickerPageObject - Checking year: 1988
23:31:42.704 [TestNG-test=Date Picker-1] INFO  com.caseStudy1.utils.HelperClass - Extracted text : 1989
23:31:42.704 [TestNG-test=Date Picker-1] INFO  com.caseStudy1.pageObjects.DatePickerPageObject - Checking year: 1989
23:31:42.721 [TestNG-test=Date Picker-1] INFO  com.caseStudy1.utils.HelperClass - Extracted text : 1990
23:31:42.721 [TestNG-test=Date Picker-1] INFO  com.caseStudy1.pageObjects.DatePickerPageObject - Checking year: 1990
23:31:42.736 [TestNG-test=Date Picker-1] INFO  com.caseStudy1.utils.HelperClass - Extracted text : 1991
23:31:42.736 [TestNG-test=Date Picker-1] INFO  com.caseStudy1.pageObjects.DatePickerPageObject - Checking year: 1991
23:31:42.750 [TestNG-test=Date Picker-1] INFO  com.caseStudy1.utils.HelperClass - Extracted text :   ?
23:31:42.750 [TestNG-test=Date Picker-1] INFO  com.caseStudy1.pageObjects.DatePickerPageObject - Checking year:   ?
23:31:42.751 [TestNG-test=Date Picker-1] INFO  com.caseStudy1.pageObjects.DatePickerPageObject - Year not found in the current list
23:31:42.796 [TestNG-test=Date Picker-1] INFO  com.caseStudy1.utils.HelperClass - Extracted text : 1991
23:31:42.796 [TestNG-test=Date Picker-1] INFO  com.caseStudy1.pageObjects.DatePickerPageObject - Past year
23:31:42.796 [TestNG-test=Date Picker-1] INFO  com.caseStudy1.pageObjects.DatePickerPageObject - Clicking up button
23:31:43.572 [TestNG-test=Date Picker-1] INFO  com.caseStudy1.utils.HelperClass - Selected option at index: 0
23:31:43.572 [TestNG-test=Date Picker-1] INFO  com.caseStudy1.pageObjects.DatePickerPageObject - Checking 1920 present in the current list
23:31:43.614 [TestNG-test=Date Picker-1] INFO  com.caseStudy1.utils.HelperClass - Extracted text :   ?
23:31:43.614 [TestNG-test=Date Picker-1] INFO  com.caseStudy1.pageObjects.DatePickerPageObject - Checking year:   ?
23:31:43.629 [TestNG-test=Date Picker-1] INFO  com.caseStudy1.utils.HelperClass - Extracted text : 1951
23:31:43.629 [TestNG-test=Date Picker-1] INFO  com.caseStudy1.pageObjects.DatePickerPageObject - Checking year: 1951
23:31:43.645 [TestNG-test=Date Picker-1] INFO  com.caseStudy1.utils.HelperClass - Extracted text : 1952
23:31:43.645 [TestNG-test=Date Picker-1] INFO  com.caseStudy1.pageObjects.DatePickerPageObject - Checking year: 1952
23:31:43.676 [TestNG-test=Date Picker-1] INFO  com.caseStudy1.utils.HelperClass - Extracted text : 1953
23:31:43.676 [TestNG-test=Date Picker-1] INFO  com.caseStudy1.pageObjects.DatePickerPageObject - Checking year: 1953
23:31:43.709 [TestNG-test=Date Picker-1] INFO  com.caseStudy1.utils.HelperClass - Extracted text : 1954
23:31:43.709 [TestNG-test=Date Picker-1] INFO  com.caseStudy1.pageObjects.DatePickerPageObject - Checking year: 1954
23:31:43.740 [TestNG-test=Date Picker-1] INFO  com.caseStudy1.utils.HelperClass - Extracted text : 1955
23:31:43.740 [TestNG-test=Date Picker-1] INFO  com.caseStudy1.pageObjects.DatePickerPageObject - Checking year: 1955
23:31:43.769 [TestNG-test=Date Picker-1] INFO  com.caseStudy1.utils.HelperClass - Extracted text : 1956
23:31:43.769 [TestNG-test=Date Picker-1] INFO  com.caseStudy1.pageObjects.DatePickerPageObject - Checking year: 1956
23:31:43.784 [TestNG-test=Date Picker-1] INFO  com.caseStudy1.utils.HelperClass - Extracted text : 1957
23:31:43.784 [TestNG-test=Date Picker-1] INFO  com.caseStudy1.pageObjects.DatePickerPageObject - Checking year: 1957
23:31:43.803 [TestNG-test=Date Picker-1] INFO  com.caseStudy1.utils.HelperClass - Extracted text : 1958
23:31:43.803 [TestNG-test=Date Picker-1] INFO  com.caseStudy1.pageObjects.DatePickerPageObject - Checking year: 1958
23:31:43.830 [TestNG-test=Date Picker-1] INFO  com.caseStudy1.utils.HelperClass - Extracted text : 1959
23:31:43.830 [TestNG-test=Date Picker-1] INFO  com.caseStudy1.pageObjects.DatePickerPageObject - Checking year: 1959
23:31:43.845 [TestNG-test=Date Picker-1] INFO  com.caseStudy1.utils.HelperClass - Extracted text : 1960
23:31:43.845 [TestNG-test=Date Picker-1] INFO  com.caseStudy1.pageObjects.DatePickerPageObject - Checking year: 1960
23:31:43.862 [TestNG-test=Date Picker-1] INFO  com.caseStudy1.utils.HelperClass - Extracted text : 1961
23:31:43.862 [TestNG-test=Date Picker-1] INFO  com.caseStudy1.pageObjects.DatePickerPageObject - Checking year: 1961
23:31:43.895 [TestNG-test=Date Picker-1] INFO  com.caseStudy1.utils.HelperClass - Extracted text : 1962
23:31:43.895 [TestNG-test=Date Picker-1] INFO  com.caseStudy1.pageObjects.DatePickerPageObject - Checking year: 1962
23:31:43.925 [TestNG-test=Date Picker-1] INFO  com.caseStudy1.utils.HelperClass - Extracted text : 1963
23:31:43.925 [TestNG-test=Date Picker-1] INFO  com.caseStudy1.pageObjects.DatePickerPageObject - Checking year: 1963
23:31:43.957 [TestNG-test=Date Picker-1] INFO  com.caseStudy1.utils.HelperClass - Extracted text : 1964
23:31:43.957 [TestNG-test=Date Picker-1] INFO  com.caseStudy1.pageObjects.DatePickerPageObject - Checking year: 1964
23:31:43.986 [TestNG-test=Date Picker-1] INFO  com.caseStudy1.utils.HelperClass - Extracted text : 1965
23:31:43.986 [TestNG-test=Date Picker-1] INFO  com.caseStudy1.pageObjects.DatePickerPageObject - Checking year: 1965
23:31:44.004 [TestNG-test=Date Picker-1] INFO  com.caseStudy1.utils.HelperClass - Extracted text : 1966
23:31:44.004 [TestNG-test=Date Picker-1] INFO  com.caseStudy1.pageObjects.DatePickerPageObject - Checking year: 1966
23:31:44.034 [TestNG-test=Date Picker-1] INFO  com.caseStudy1.utils.HelperClass - Extracted text : 1967
23:31:44.034 [TestNG-test=Date Picker-1] INFO  com.caseStudy1.pageObjects.DatePickerPageObject - Checking year: 1967
23:31:44.050 [TestNG-test=Date Picker-1] INFO  com.caseStudy1.utils.HelperClass - Extracted text : 1968
23:31:44.050 [TestNG-test=Date Picker-1] INFO  com.caseStudy1.pageObjects.DatePickerPageObject - Checking year: 1968
23:31:44.064 [TestNG-test=Date Picker-1] INFO  com.caseStudy1.utils.HelperClass - Extracted text : 1969
23:31:44.064 [TestNG-test=Date Picker-1] INFO  com.caseStudy1.pageObjects.DatePickerPageObject - Checking year: 1969
23:31:44.081 [TestNG-test=Date Picker-1] INFO  com.caseStudy1.utils.HelperClass - Extracted text : 1970
23:31:44.081 [TestNG-test=Date Picker-1] INFO  com.caseStudy1.pageObjects.DatePickerPageObject - Checking year: 1970
23:31:44.097 [TestNG-test=Date Picker-1] INFO  com.caseStudy1.utils.HelperClass - Extracted text : 1971
23:31:44.097 [TestNG-test=Date Picker-1] INFO  com.caseStudy1.pageObjects.DatePickerPageObject - Checking year: 1971
23:31:44.128 [TestNG-test=Date Picker-1] INFO  com.caseStudy1.utils.HelperClass - Extracted text :   ?
23:31:44.128 [TestNG-test=Date Picker-1] INFO  com.caseStudy1.pageObjects.DatePickerPageObject - Checking year:   ?
23:31:44.128 [TestNG-test=Date Picker-1] INFO  com.caseStudy1.pageObjects.DatePickerPageObject - Year not found in the current list
23:31:44.189 [TestNG-test=Date Picker-1] INFO  com.caseStudy1.utils.HelperClass - Extracted text : 1971
23:31:44.189 [TestNG-test=Date Picker-1] INFO  com.caseStudy1.pageObjects.DatePickerPageObject - Past year
23:31:44.189 [TestNG-test=Date Picker-1] INFO  com.caseStudy1.pageObjects.DatePickerPageObject - Clicking up button
23:31:44.956 [TestNG-test=Date Picker-1] INFO  com.caseStudy1.utils.HelperClass - Selected option at index: 0
23:31:44.956 [TestNG-test=Date Picker-1] INFO  com.caseStudy1.pageObjects.DatePickerPageObject - Checking 1920 present in the current list
23:31:44.986 [TestNG-test=Date Picker-1] INFO  com.caseStudy1.utils.HelperClass - Extracted text :   ?
23:31:44.986 [TestNG-test=Date Picker-1] INFO  com.caseStudy1.pageObjects.DatePickerPageObject - Checking year:   ?
23:31:45.002 [TestNG-test=Date Picker-1] INFO  com.caseStudy1.utils.HelperClass - Extracted text : 1931
23:31:45.002 [TestNG-test=Date Picker-1] INFO  com.caseStudy1.pageObjects.DatePickerPageObject - Checking year: 1931
23:31:45.018 [TestNG-test=Date Picker-1] INFO  com.caseStudy1.utils.HelperClass - Extracted text : 1932
23:31:45.018 [TestNG-test=Date Picker-1] INFO  com.caseStudy1.pageObjects.DatePickerPageObject - Checking year: 1932
23:31:45.034 [TestNG-test=Date Picker-1] INFO  com.caseStudy1.utils.HelperClass - Extracted text : 1933
23:31:45.034 [TestNG-test=Date Picker-1] INFO  com.caseStudy1.pageObjects.DatePickerPageObject - Checking year: 1933
23:31:45.066 [TestNG-test=Date Picker-1] INFO  com.caseStudy1.utils.HelperClass - Extracted text : 1934
23:31:45.066 [TestNG-test=Date Picker-1] INFO  com.caseStudy1.pageObjects.DatePickerPageObject - Checking year: 1934
23:31:45.099 [TestNG-test=Date Picker-1] INFO  com.caseStudy1.utils.HelperClass - Extracted text : 1935
23:31:45.099 [TestNG-test=Date Picker-1] INFO  com.caseStudy1.pageObjects.DatePickerPageObject - Checking year: 1935
23:31:45.128 [TestNG-test=Date Picker-1] INFO  com.caseStudy1.utils.HelperClass - Extracted text : 1936
23:31:45.129 [TestNG-test=Date Picker-1] INFO  com.caseStudy1.pageObjects.DatePickerPageObject - Checking year: 1936
23:31:45.161 [TestNG-test=Date Picker-1] INFO  com.caseStudy1.utils.HelperClass - Extracted text : 1937
23:31:45.161 [TestNG-test=Date Picker-1] INFO  com.caseStudy1.pageObjects.DatePickerPageObject - Checking year: 1937
23:31:45.190 [TestNG-test=Date Picker-1] INFO  com.caseStudy1.utils.HelperClass - Extracted text : 1938
23:31:45.190 [TestNG-test=Date Picker-1] INFO  com.caseStudy1.pageObjects.DatePickerPageObject - Checking year: 1938
23:31:45.222 [TestNG-test=Date Picker-1] INFO  com.caseStudy1.utils.HelperClass - Extracted text : 1939
23:31:45.222 [TestNG-test=Date Picker-1] INFO  com.caseStudy1.pageObjects.DatePickerPageObject - Checking year: 1939
23:31:45.254 [TestNG-test=Date Picker-1] INFO  com.caseStudy1.utils.HelperClass - Extracted text : 1940
23:31:45.254 [TestNG-test=Date Picker-1] INFO  com.caseStudy1.pageObjects.DatePickerPageObject - Checking year: 1940
23:31:45.283 [TestNG-test=Date Picker-1] INFO  com.caseStudy1.utils.HelperClass - Extracted text : 1941
23:31:45.283 [TestNG-test=Date Picker-1] INFO  com.caseStudy1.pageObjects.DatePickerPageObject - Checking year: 1941
23:31:45.316 [TestNG-test=Date Picker-1] INFO  com.caseStudy1.utils.HelperClass - Extracted text : 1942
23:31:45.316 [TestNG-test=Date Picker-1] INFO  com.caseStudy1.pageObjects.DatePickerPageObject - Checking year: 1942
23:31:45.344 [TestNG-test=Date Picker-1] INFO  com.caseStudy1.utils.HelperClass - Extracted text : 1943
23:31:45.344 [TestNG-test=Date Picker-1] INFO  com.caseStudy1.pageObjects.DatePickerPageObject - Checking year: 1943
23:31:45.359 [TestNG-test=Date Picker-1] INFO  com.caseStudy1.utils.HelperClass - Extracted text : 1944
23:31:45.359 [TestNG-test=Date Picker-1] INFO  com.caseStudy1.pageObjects.DatePickerPageObject - Checking year: 1944
23:31:45.379 [TestNG-test=Date Picker-1] INFO  com.caseStudy1.utils.HelperClass - Extracted text : 1945
23:31:45.379 [TestNG-test=Date Picker-1] INFO  com.caseStudy1.pageObjects.DatePickerPageObject - Checking year: 1945
23:31:45.407 [TestNG-test=Date Picker-1] INFO  com.caseStudy1.utils.HelperClass - Extracted text : 1946
23:31:45.407 [TestNG-test=Date Picker-1] INFO  com.caseStudy1.pageObjects.DatePickerPageObject - Checking year: 1946
23:31:45.439 [TestNG-test=Date Picker-1] INFO  com.caseStudy1.utils.HelperClass - Extracted text : 1947
23:31:45.439 [TestNG-test=Date Picker-1] INFO  com.caseStudy1.pageObjects.DatePickerPageObject - Checking year: 1947
23:31:45.472 [TestNG-test=Date Picker-1] INFO  com.caseStudy1.utils.HelperClass - Extracted text : 1948
23:31:45.472 [TestNG-test=Date Picker-1] INFO  com.caseStudy1.pageObjects.DatePickerPageObject - Checking year: 1948
23:31:45.501 [TestNG-test=Date Picker-1] INFO  com.caseStudy1.utils.HelperClass - Extracted text : 1949
23:31:45.501 [TestNG-test=Date Picker-1] INFO  com.caseStudy1.pageObjects.DatePickerPageObject - Checking year: 1949
23:31:45.531 [TestNG-test=Date Picker-1] INFO  com.caseStudy1.utils.HelperClass - Extracted text : 1950
23:31:45.531 [TestNG-test=Date Picker-1] INFO  com.caseStudy1.pageObjects.DatePickerPageObject - Checking year: 1950
23:31:45.553 [TestNG-test=Date Picker-1] INFO  com.caseStudy1.utils.HelperClass - Extracted text : 1951
23:31:45.553 [TestNG-test=Date Picker-1] INFO  com.caseStudy1.pageObjects.DatePickerPageObject - Checking year: 1951
23:31:45.578 [TestNG-test=Date Picker-1] INFO  com.caseStudy1.utils.HelperClass - Extracted text :   ?
23:31:45.578 [TestNG-test=Date Picker-1] INFO  com.caseStudy1.pageObjects.DatePickerPageObject - Checking year:   ?
23:31:45.578 [TestNG-test=Date Picker-1] INFO  com.caseStudy1.pageObjects.DatePickerPageObject - Year not found in the current list
23:31:45.638 [TestNG-test=Date Picker-1] INFO  com.caseStudy1.utils.HelperClass - Extracted text : 1951
23:31:45.638 [TestNG-test=Date Picker-1] INFO  com.caseStudy1.pageObjects.DatePickerPageObject - Past year
23:31:45.638 [TestNG-test=Date Picker-1] INFO  com.caseStudy1.pageObjects.DatePickerPageObject - Clicking up button
23:31:46.423 [TestNG-test=Date Picker-1] INFO  com.caseStudy1.utils.HelperClass - Selected option at index: 0
23:31:46.424 [TestNG-test=Date Picker-1] INFO  com.caseStudy1.pageObjects.DatePickerPageObject - Checking 1920 present in the current list
23:31:46.469 [TestNG-test=Date Picker-1] INFO  com.caseStudy1.utils.HelperClass - Extracted text :   ?
23:31:46.469 [TestNG-test=Date Picker-1] INFO  com.caseStudy1.pageObjects.DatePickerPageObject - Checking year:   ?
23:31:46.499 [TestNG-test=Date Picker-1] INFO  com.caseStudy1.utils.HelperClass - Extracted text : 1911
23:31:46.499 [TestNG-test=Date Picker-1] INFO  com.caseStudy1.pageObjects.DatePickerPageObject - Checking year: 1911
23:31:46.530 [TestNG-test=Date Picker-1] INFO  com.caseStudy1.utils.HelperClass - Extracted text : 1912
23:31:46.530 [TestNG-test=Date Picker-1] INFO  com.caseStudy1.pageObjects.DatePickerPageObject - Checking year: 1912
23:31:46.559 [TestNG-test=Date Picker-1] INFO  com.caseStudy1.utils.HelperClass - Extracted text : 1913
23:31:46.559 [TestNG-test=Date Picker-1] INFO  com.caseStudy1.pageObjects.DatePickerPageObject - Checking year: 1913
23:31:46.575 [TestNG-test=Date Picker-1] INFO  com.caseStudy1.utils.HelperClass - Extracted text : 1914
23:31:46.575 [TestNG-test=Date Picker-1] INFO  com.caseStudy1.pageObjects.DatePickerPageObject - Checking year: 1914
23:31:46.590 [TestNG-test=Date Picker-1] INFO  com.caseStudy1.utils.HelperClass - Extracted text : 1915
23:31:46.590 [TestNG-test=Date Picker-1] INFO  com.caseStudy1.pageObjects.DatePickerPageObject - Checking year: 1915
23:31:46.608 [TestNG-test=Date Picker-1] INFO  com.caseStudy1.utils.HelperClass - Extracted text : 1916
23:31:46.609 [TestNG-test=Date Picker-1] INFO  com.caseStudy1.pageObjects.DatePickerPageObject - Checking year: 1916
23:31:46.654 [TestNG-test=Date Picker-1] INFO  com.caseStudy1.utils.HelperClass - Extracted text : 1917
23:31:46.654 [TestNG-test=Date Picker-1] INFO  com.caseStudy1.pageObjects.DatePickerPageObject - Checking year: 1917
23:31:46.687 [TestNG-test=Date Picker-1] INFO  com.caseStudy1.utils.HelperClass - Extracted text : 1918
23:31:46.687 [TestNG-test=Date Picker-1] INFO  com.caseStudy1.pageObjects.DatePickerPageObject - Checking year: 1918
23:31:46.720 [TestNG-test=Date Picker-1] INFO  com.caseStudy1.utils.HelperClass - Extracted text : 1919
23:31:46.720 [TestNG-test=Date Picker-1] INFO  com.caseStudy1.pageObjects.DatePickerPageObject - Checking year: 1919
23:31:46.745 [TestNG-test=Date Picker-1] INFO  com.caseStudy1.utils.HelperClass - Extracted text : 1920
23:31:46.745 [TestNG-test=Date Picker-1] INFO  com.caseStudy1.pageObjects.DatePickerPageObject - Checking year: 1920
23:31:46.745 [TestNG-test=Date Picker-1] INFO  com.caseStudy1.pageObjects.DatePickerPageObject - 1920 found
23:31:46.746 [TestNG-test=Date Picker-1] INFO  com.caseStudy1.pageObjects.DatePickerPageObject - Clicking year 1920
23:31:47.533 [TestNG-test=Date Picker-1] INFO  com.caseStudy1.utils.HelperClass - Selected : 1920
23:31:47.533 [TestNG-test=Date Picker-1] INFO  com.caseStudy1.pageObjects.DatePickerPageObject - Selecting month : November
23:31:48.316 [TestNG-test=Date Picker-1] INFO  com.caseStudy1.utils.HelperClass - Selected : November
23:31:48.317 [TestNG-test=Date Picker-1] INFO  com.caseStudy1.pageObjects.DatePickerPageObject - Clicking day : 14
23:31:48.721 [TestNG-test=Date Picker-1] INFO  com.caseStudy1.utils.HelperClass - Element Clicked
]]></system-out>
  </testcase>
  <testcase name="selectableTest[{firstname=Veeranaga, address=Address, gender=Male, languages=English,Hindi, serializeOption=Cross Browser Testing, country1=India, defaultOption=Extent Reports, lastname=Kandaraboina, country2=Australia, skills=Java, password=Password@123, phone=1234567890, hobbies=Cricket,Hockey,Movies, dob=5-May-96, confirmpassword=Password@123, email=veernag1@email.com}](1)" classname="com.caseStudy01.tests.SelectableTests" time="4.725">
    <system-out><![CDATA[23:31:48.898 [main] INFO  com.caseStudy1.utils.ConfigFileReader - configFileReader object created
23:31:48.899 [main] INFO  com.caseStudy1.utils.Base - Starting driver
23:31:48.951 [TestNG-test=Selectable-1] INFO  com.caseStudy1.utils.HelperClass - Navigating to: http://demo.automationtesting.in/Selectable.html
23:31:51.913 [TestNG-test=Selectable-1] INFO  com.caseStudy1.utils.HelperClass - Element Clicked
23:31:51.942 [TestNG-test=Selectable-1] INFO  com.caseStudy1.utils.HelperClass - Extracted text : Sakinalium - Extent Reports
23:31:51.942 [TestNG-test=Selectable-1] INFO  com.caseStudy1.utils.HelperClass - Asserting - Extent Reports with Extent Reports
23:31:52.682 [TestNG-test=Selectable-1] INFO  com.caseStudy1.utils.HelperClass - Element Clicked
23:31:53.502 [TestNG-test=Selectable-1] INFO  com.caseStudy1.utils.HelperClass - Element Clicked
23:31:53.554 [TestNG-test=Selectable-1] INFO  com.caseStudy1.utils.HelperClass - Extracted text : Cross Browser Testing
23:31:53.554 [TestNG-test=Selectable-1] INFO  com.caseStudy1.utils.HelperClass - Asserting - Cross Browser Testing with Cross Browser Testing
]]></system-out>
  </testcase>
</testsuite>