<?xml version="1.0" encoding="UTF-8"?>
<testsuite xmlns:xsi="http://www.w3.org/2001/XMLSchema-instance" xsi:noNamespaceSchemaLocation="https://maven.apache.org/surefire/maven-surefire-plugin/xsd/surefire-test-report-3.0.xsd" version="3.0" name="TestSuite" time="65.806" tests="8" errors="0" skipped="0" failures="0">
  <properties>
    <property name="sun.desktop" value="windows"/>
    <property name="awt.toolkit" value="sun.awt.windows.WToolkit"/>
    <property name="java.specification.version" value="11"/>
    <property name="webdriver.chrome.driver" value="Drivers/chromedriver.exe"/>
    <property name="sun.cpu.isalist" value="amd64"/>
    <property name="sun.jnu.encoding" value="Cp1252"/>
    <property name="java.class.path" value="C:\Users\Srilaxmi\Desktop\ProjectBackUp\caseStudy01\target\test-classes;C:\Users\Srilaxmi\Desktop\ProjectBackUp\caseStudy01\target\classes;C:\Users\Srilaxmi\.m2\repository\org\seleniumhq\selenium\selenium-java\3.141.59\selenium-java-3.141.59.jar;C:\Users\Srilaxmi\.m2\repository\org\seleniumhq\selenium\selenium-api\3.141.59\selenium-api-3.141.59.jar;C:\Users\Srilaxmi\.m2\repository\org\seleniumhq\selenium\selenium-chrome-driver\3.141.59\selenium-chrome-driver-3.141.59.jar;C:\Users\Srilaxmi\.m2\repository\org\seleniumhq\selenium\selenium-edge-driver\3.141.59\selenium-edge-driver-3.141.59.jar;C:\Users\Srilaxmi\.m2\repository\org\seleniumhq\selenium\selenium-firefox-driver\3.141.59\selenium-firefox-driver-3.141.59.jar;C:\Users\Srilaxmi\.m2\repository\org\seleniumhq\selenium\selenium-ie-driver\3.141.59\selenium-ie-driver-3.141.59.jar;C:\Users\Srilaxmi\.m2\repository\org\seleniumhq\selenium\selenium-opera-driver\3.141.59\selenium-opera-driver-3.141.59.jar;C:\Users\Srilaxmi\.m2\repository\org\seleniumhq\selenium\selenium-remote-driver\3.141.59\selenium-remote-driver-3.141.59.jar;C:\Users\Srilaxmi\.m2\repository\org\seleniumhq\selenium\selenium-safari-driver\3.141.59\selenium-safari-driver-3.141.59.jar;C:\Users\Srilaxmi\.m2\repository\org\seleniumhq\selenium\selenium-support\3.141.59\selenium-support-3.141.59.jar;C:\Users\Srilaxmi\.m2\repository\net\bytebuddy\byte-buddy\1.8.15\byte-buddy-1.8.15.jar;C:\Users\Srilaxmi\.m2\repository\org\apache\commons\commons-exec\1.3\commons-exec-1.3.jar;C:\Users\Srilaxmi\.m2\repository\com\squareup\okhttp3\okhttp\3.11.0\okhttp-3.11.0.jar;C:\Users\Srilaxmi\.m2\repository\com\squareup\okio\okio\1.14.0\okio-1.14.0.jar;C:\Users\Srilaxmi\.m2\repository\org\testng\testng\7.3.0\testng-7.3.0.jar;C:\Users\Srilaxmi\.m2\repository\com\beust\jcommander\1.78\jcommander-1.78.jar;C:\Users\Srilaxmi\.m2\repository\org\apache\ant\ant\1.10.3\ant-1.10.3.jar;C:\Users\Srilaxmi\.m2\repository\org\apache\ant\ant-launcher\1.10.3\ant-launcher-1.10.3.jar;C:\Users\Srilaxmi\.m2\repository\junit\junit\4.12\junit-4.12.jar;C:\Users\Srilaxmi\.m2\repository\org\hamcrest\hamcrest-core\1.3\hamcrest-core-1.3.jar;C:\Users\Srilaxmi\.m2\repository\com\google\inject\guice\4.2.2\guice-4.2.2-no_aop.jar;C:\Users\Srilaxmi\.m2\repository\javax\inject\javax.inject\1\javax.inject-1.jar;C:\Users\Srilaxmi\.m2\repository\aopalliance\aopalliance\1.0\aopalliance-1.0.jar;C:\Users\Srilaxmi\.m2\repository\org\yaml\snakeyaml\1.21\snakeyaml-1.21.jar;C:\Users\Srilaxmi\.m2\repository\org\apache\logging\log4j\log4j-api\2.13.3\log4j-api-2.13.3.jar;C:\Users\Srilaxmi\.m2\repository\org\apache\logging\log4j\log4j-core\2.13.3\log4j-core-2.13.3.jar;C:\Users\Srilaxmi\.m2\repository\com\aventstack\extentreports\5.0.3\extentreports-5.0.3.jar;C:\Users\Srilaxmi\.m2\repository\io\reactivex\rxjava3\rxjava\3.0.4\rxjava-3.0.4.jar;C:\Users\Srilaxmi\.m2\repository\org\reactivestreams\reactive-streams\1.0.3\reactive-streams-1.0.3.jar;C:\Users\Srilaxmi\.m2\repository\org\freemarker\freemarker\2.3.30\freemarker-2.3.30.jar;C:\Users\Srilaxmi\.m2\repository\org\projectlombok\lombok\1.18.12\lombok-1.18.12.jar;C:\Users\Srilaxmi\.m2\repository\com\google\code\gson\gson\2.8.6\gson-2.8.6.jar;C:\Users\Srilaxmi\.m2\repository\org\apache\poi\poi\4.1.2\poi-4.1.2.jar;C:\Users\Srilaxmi\.m2\repository\commons-codec\commons-codec\1.13\commons-codec-1.13.jar;C:\Users\Srilaxmi\.m2\repository\org\apache\commons\commons-collections4\4.4\commons-collections4-4.4.jar;C:\Users\Srilaxmi\.m2\repository\org\apache\commons\commons-math3\3.6.1\commons-math3-3.6.1.jar;C:\Users\Srilaxmi\.m2\repository\com\zaxxer\SparseBitSet\1.2\SparseBitSet-1.2.jar;C:\Users\Srilaxmi\.m2\repository\org\apache\poi\poi-ooxml\4.1.2\poi-ooxml-4.1.2.jar;C:\Users\Srilaxmi\.m2\repository\org\apache\poi\poi-ooxml-schemas\4.1.2\poi-ooxml-schemas-4.1.2.jar;C:\Users\Srilaxmi\.m2\repository\org\apache\xmlbeans\xmlbeans\3.1.0\xmlbeans-3.1.0.jar;C:\Users\Srilaxmi\.m2\repository\org\apache\commons\commons-compress\1.19\commons-compress-1.19.jar;C:\Users\Srilaxmi\.m2\repository\com\github\virtuald\curvesapi\1.06\curvesapi-1.06.jar;C:\Users\Srilaxmi\.m2\repository\com\google\guava\guava\28.0-jre\guava-28.0-jre.jar;C:\Users\Srilaxmi\.m2\repository\com\google\guava\failureaccess\1.0.1\failureaccess-1.0.1.jar;C:\Users\Srilaxmi\.m2\repository\com\google\guava\listenablefuture\9999.0-empty-to-avoid-conflict-with-guava\listenablefuture-9999.0-empty-to-avoid-conflict-with-guava.jar;C:\Users\Srilaxmi\.m2\repository\com\google\code\findbugs\jsr305\3.0.2\jsr305-3.0.2.jar;C:\Users\Srilaxmi\.m2\repository\org\checkerframework\checker-qual\2.8.1\checker-qual-2.8.1.jar;C:\Users\Srilaxmi\.m2\repository\com\google\errorprone\error_prone_annotations\2.3.2\error_prone_annotations-2.3.2.jar;C:\Users\Srilaxmi\.m2\repository\com\google\j2objc\j2objc-annotations\1.3\j2objc-annotations-1.3.jar;C:\Users\Srilaxmi\.m2\repository\org\codehaus\mojo\animal-sniffer-annotations\1.17\animal-sniffer-annotations-1.17.jar;"/>
    <property name="java.vm.vendor" value="Oracle Corporation"/>
    <property name="sun.arch.data.model" value="64"/>
    <property name="user.variant" value=""/>
    <property name="java.vendor.url" value="https://openjdk.java.net/"/>
    <property name="user.timezone" value="Asia/Calcutta"/>
    <property name="java.vm.specification.version" value="11"/>
    <property name="os.name" value="Windows 10"/>
    <property name="sun.java.launcher" value="SUN_STANDARD"/>
    <property name="user.country" value="IN"/>
    <property name="sun.boot.library.path" value="C:\Program Files\Java\jdk-11.0.8\bin"/>
    <property name="sun.java.command" value="C:\Users\Srilaxmi\AppData\Local\Temp\surefire13901941138242469987\surefirebooter4332672047466906564.jar C:\Users\Srilaxmi\AppData\Local\Temp\surefire13901941138242469987 2020-10-05T13-32-18_266-jvmRun1 surefire16201123051620392139tmp surefire_05844188232697817220tmp"/>
    <property name="jdk.debug" value="release"/>
    <property name="surefire.test.class.path" value="C:\Users\Srilaxmi\Desktop\ProjectBackUp\caseStudy01\target\test-classes;C:\Users\Srilaxmi\Desktop\ProjectBackUp\caseStudy01\target\classes;C:\Users\Srilaxmi\.m2\repository\org\seleniumhq\selenium\selenium-java\3.141.59\selenium-java-3.141.59.jar;C:\Users\Srilaxmi\.m2\repository\org\seleniumhq\selenium\selenium-api\3.141.59\selenium-api-3.141.59.jar;C:\Users\Srilaxmi\.m2\repository\org\seleniumhq\selenium\selenium-chrome-driver\3.141.59\selenium-chrome-driver-3.141.59.jar;C:\Users\Srilaxmi\.m2\repository\org\seleniumhq\selenium\selenium-edge-driver\3.141.59\selenium-edge-driver-3.141.59.jar;C:\Users\Srilaxmi\.m2\repository\org\seleniumhq\selenium\selenium-firefox-driver\3.141.59\selenium-firefox-driver-3.141.59.jar;C:\Users\Srilaxmi\.m2\repository\org\seleniumhq\selenium\selenium-ie-driver\3.141.59\selenium-ie-driver-3.141.59.jar;C:\Users\Srilaxmi\.m2\repository\org\seleniumhq\selenium\selenium-opera-driver\3.141.59\selenium-opera-driver-3.141.59.jar;C:\Users\Srilaxmi\.m2\repository\org\seleniumhq\selenium\selenium-remote-driver\3.141.59\selenium-remote-driver-3.141.59.jar;C:\Users\Srilaxmi\.m2\repository\org\seleniumhq\selenium\selenium-safari-driver\3.141.59\selenium-safari-driver-3.141.59.jar;C:\Users\Srilaxmi\.m2\repository\org\seleniumhq\selenium\selenium-support\3.141.59\selenium-support-3.141.59.jar;C:\Users\Srilaxmi\.m2\repository\net\bytebuddy\byte-buddy\1.8.15\byte-buddy-1.8.15.jar;C:\Users\Srilaxmi\.m2\repository\org\apache\commons\commons-exec\1.3\commons-exec-1.3.jar;C:\Users\Srilaxmi\.m2\repository\com\squareup\okhttp3\okhttp\3.11.0\okhttp-3.11.0.jar;C:\Users\Srilaxmi\.m2\repository\com\squareup\okio\okio\1.14.0\okio-1.14.0.jar;C:\Users\Srilaxmi\.m2\repository\org\testng\testng\7.3.0\testng-7.3.0.jar;C:\Users\Srilaxmi\.m2\repository\com\beust\jcommander\1.78\jcommander-1.78.jar;C:\Users\Srilaxmi\.m2\repository\org\apache\ant\ant\1.10.3\ant-1.10.3.jar;C:\Users\Srilaxmi\.m2\repository\org\apache\ant\ant-launcher\1.10.3\ant-launcher-1.10.3.jar;C:\Users\Srilaxmi\.m2\repository\junit\junit\4.12\junit-4.12.jar;C:\Users\Srilaxmi\.m2\repository\org\hamcrest\hamcrest-core\1.3\hamcrest-core-1.3.jar;C:\Users\Srilaxmi\.m2\repository\com\google\inject\guice\4.2.2\guice-4.2.2-no_aop.jar;C:\Users\Srilaxmi\.m2\repository\javax\inject\javax.inject\1\javax.inject-1.jar;C:\Users\Srilaxmi\.m2\repository\aopalliance\aopalliance\1.0\aopalliance-1.0.jar;C:\Users\Srilaxmi\.m2\repository\org\yaml\snakeyaml\1.21\snakeyaml-1.21.jar;C:\Users\Srilaxmi\.m2\repository\org\apache\logging\log4j\log4j-api\2.13.3\log4j-api-2.13.3.jar;C:\Users\Srilaxmi\.m2\repository\org\apache\logging\log4j\log4j-core\2.13.3\log4j-core-2.13.3.jar;C:\Users\Srilaxmi\.m2\repository\com\aventstack\extentreports\5.0.3\extentreports-5.0.3.jar;C:\Users\Srilaxmi\.m2\repository\io\reactivex\rxjava3\rxjava\3.0.4\rxjava-3.0.4.jar;C:\Users\Srilaxmi\.m2\repository\org\reactivestreams\reactive-streams\1.0.3\reactive-streams-1.0.3.jar;C:\Users\Srilaxmi\.m2\repository\org\freemarker\freemarker\2.3.30\freemarker-2.3.30.jar;C:\Users\Srilaxmi\.m2\repository\org\projectlombok\lombok\1.18.12\lombok-1.18.12.jar;C:\Users\Srilaxmi\.m2\repository\com\google\code\gson\gson\2.8.6\gson-2.8.6.jar;C:\Users\Srilaxmi\.m2\repository\org\apache\poi\poi\4.1.2\poi-4.1.2.jar;C:\Users\Srilaxmi\.m2\repository\commons-codec\commons-codec\1.13\commons-codec-1.13.jar;C:\Users\Srilaxmi\.m2\repository\org\apache\commons\commons-collections4\4.4\commons-collections4-4.4.jar;C:\Users\Srilaxmi\.m2\repository\org\apache\commons\commons-math3\3.6.1\commons-math3-3.6.1.jar;C:\Users\Srilaxmi\.m2\repository\com\zaxxer\SparseBitSet\1.2\SparseBitSet-1.2.jar;C:\Users\Srilaxmi\.m2\repository\org\apache\poi\poi-ooxml\4.1.2\poi-ooxml-4.1.2.jar;C:\Users\Srilaxmi\.m2\repository\org\apache\poi\poi-ooxml-schemas\4.1.2\poi-ooxml-schemas-4.1.2.jar;C:\Users\Srilaxmi\.m2\repository\org\apache\xmlbeans\xmlbeans\3.1.0\xmlbeans-3.1.0.jar;C:\Users\Srilaxmi\.m2\repository\org\apache\commons\commons-compress\1.19\commons-compress-1.19.jar;C:\Users\Srilaxmi\.m2\repository\com\github\virtuald\curvesapi\1.06\curvesapi-1.06.jar;C:\Users\Srilaxmi\.m2\repository\com\google\guava\guava\28.0-jre\guava-28.0-jre.jar;C:\Users\Srilaxmi\.m2\repository\com\google\guava\failureaccess\1.0.1\failureaccess-1.0.1.jar;C:\Users\Srilaxmi\.m2\repository\com\google\guava\listenablefuture\9999.0-empty-to-avoid-conflict-with-guava\listenablefuture-9999.0-empty-to-avoid-conflict-with-guava.jar;C:\Users\Srilaxmi\.m2\repository\com\google\code\findbugs\jsr305\3.0.2\jsr305-3.0.2.jar;C:\Users\Srilaxmi\.m2\repository\org\checkerframework\checker-qual\2.8.1\checker-qual-2.8.1.jar;C:\Users\Srilaxmi\.m2\repository\com\google\errorprone\error_prone_annotations\2.3.2\error_prone_annotations-2.3.2.jar;C:\Users\Srilaxmi\.m2\repository\com\google\j2objc\j2objc-annotations\1.3\j2objc-annotations-1.3.jar;C:\Users\Srilaxmi\.m2\repository\org\codehaus\mojo\animal-sniffer-annotations\1.17\animal-sniffer-annotations-1.17.jar;"/>
    <property name="sun.cpu.endian" value="little"/>
    <property name="user.home" value="C:\Users\Srilaxmi"/>
    <property name="user.language" value="en"/>
    <property name="java.specification.vendor" value="Oracle Corporation"/>
    <property name="java.version.date" value="2020-07-14"/>
    <property name="java.home" value="C:\Program Files\Java\jdk-11.0.8"/>
    <property name="file.separator" value="\"/>
    <property name="basedir" value="C:\Users\Srilaxmi\Desktop\ProjectBackUp\caseStudy01"/>
    <property name="java.vm.compressedOopsMode" value="32-bit"/>
    <property name="line.separator" value="&#10;"/>
    <property name="java.specification.name" value="Java Platform API Specification"/>
    <property name="java.vm.specification.vendor" value="Oracle Corporation"/>
    <property name="java.awt.graphicsenv" value="sun.awt.Win32GraphicsEnvironment"/>
    <property name="surefire.real.class.path" value="C:\Users\Srilaxmi\AppData\Local\Temp\surefire13901941138242469987\surefirebooter4332672047466906564.jar"/>
    <property name="user.script" value=""/>
    <property name="sun.management.compiler" value="HotSpot 64-Bit Tiered Compilers"/>
    <property name="java.runtime.version" value="11.0.8+10-LTS"/>
    <property name="user.name" value="Srilaxmi"/>
    <property name="path.separator" value=";"/>
    <property name="os.version" value="10.0"/>
    <property name="java.runtime.name" value="Java(TM) SE Runtime Environment"/>
    <property name="file.encoding" value="Cp1252"/>
    <property name="java.vm.name" value="Java HotSpot(TM) 64-Bit Server VM"/>
    <property name="java.vendor.version" value="18.9"/>
    <property name="localRepository" value="C:\Users\Srilaxmi\.m2\repository"/>
    <property name="java.vendor.url.bug" value="https://bugreport.java.com/bugreport/"/>
    <property name="java.io.tmpdir" value="C:\Users\Srilaxmi\AppData\Local\Temp\"/>
    <property name="java.version" value="11.0.8"/>
    <property name="user.dir" value="C:\Users\Srilaxmi\Desktop\ProjectBackUp\caseStudy01"/>
    <property name="os.arch" value="amd64"/>
    <property name="java.vm.specification.name" value="Java Virtual Machine Specification"/>
    <property name="java.awt.printerjob" value="sun.awt.windows.WPrinterJob"/>
    <property name="sun.os.patch.level" value=""/>
    <property name="java.library.path" value="C:\Program Files\Java\jdk-11.0.8\bin;C:\WINDOWS\Sun\Java\bin;C:\WINDOWS\system32;C:\WINDOWS;C:\Windows\system32;C:\Windows;C:\Windows\System32\Wbem;C:\Windows\System32\WindowsPowerShell\v1.0\;C:\Windows\System32\OpenSSH\;C:\Program Files (x86)\NVIDIA Corporation\PhysX\Common;C:\Program Files\NVIDIA Corporation\NVIDIA NvDLISR;C:\WINDOWS\system32;C:\WINDOWS;C:\WINDOWS\System32\Wbem;C:\WINDOWS\System32\WindowsPowerShell\v1.0\;C:\WINDOWS\System32\OpenSSH\;C:\Program Files\Java\jdk-11.0.8\bin;D:\java\apache-maven-3.6.3\bin;C:\Program Files\Git\cmd;C:\Program Files\MySQL\MySQL Shell 8.0\bin\;C:\Users\Srilaxmi\AppData\Local\Programs\Python\Python36\Scripts\;C:\Users\Srilaxmi\AppData\Local\Programs\Python\Python36\;C:\Users\Srilaxmi\AppData\Local\Microsoft\WindowsApps;;C:\Program Files\JetBrains\PyCharm 2019.2.3\bin;;."/>
    <property name="java.vendor" value="Oracle Corporation"/>
    <property name="java.vm.info" value="mixed mode"/>
    <property name="java.vm.version" value="11.0.8+10-LTS"/>
    <property name="sun.io.unicode.encoding" value="UnicodeLittle"/>
    <property name="java.class.version" value="55.0"/>
  </properties>
  <testcase name="registrationTest[{firstname=Veeranaga, address=Address, gender=Male, languages=English,Hindi, serializeOption=Cross Browser Testing, country1=India, defaultOption=Extent Reports, lastname=Kandaraboina, country2=Australia, skills=Java, password=Password@123, phone=1234567890, hobbies=Cricket,Hockey,Movies, dob=5-May-96, confirmpassword=Password@123, email=veernag1@email.com}](1)" classname="com.caseStudy01.tests.RegistrationTests" time="10.481">
    <system-out><![CDATA[Reports/caseStudy01Report591201332.html
13:32:20.916 [main] INFO  com.caseStudy1.utils.ConfigFileReader - configFileReader object created
13:32:24.683 [main] INFO  com.caseStudy1.utils.ConfigFileReader - configFileReader object created
13:32:24.703 [main] INFO  com.caseStudy1.pageObjects.RegistrationPageObjects - Registration Page Object
13:32:24.725 [main] INFO  com.caseStudy1.utils.ConfigFileReader - configFileReader object created
13:32:24.726 [main] INFO  com.caseStudy1.pageObjects.WindowsPageObjects - Window Handling Page Object
13:32:24.731 [main] INFO  com.caseStudy1.utils.ConfigFileReader - configFileReader object created
13:32:24.732 [main] INFO  com.caseStudy1.pageObjects.AlertsPageObject - Alerts Page Object
13:32:24.737 [main] INFO  com.caseStudy1.utils.ConfigFileReader - configFileReader object created
13:32:24.737 [main] INFO  com.caseStudy1.pageObjects.FramesPageObject - Frames Object
13:32:24.743 [main] INFO  com.caseStudy1.utils.ConfigFileReader - configFileReader object created
13:32:24.744 [main] INFO  com.caseStudy1.pageObjects.DatePickerPageObject - Date Picker Object
13:32:24.751 [main] INFO  com.caseStudy1.utils.ConfigFileReader - configFileReader object created
13:32:24.760 [main] INFO  com.caseStudy1.utils.ConfigFileReader - configFileReader object created
13:32:24.760 [main] INFO  com.caseStudy1.pageObjects.SelectablePageObjects - Selectable Page Object
13:32:24.778 [main] INFO  com.caseStudy1.utils.ConfigFileReader - configFileReader object created
13:32:24.778 [main] INFO  com.caseStudy1.utils.Base - Starting driver
13:32:27.526 [main] INFO  com.caseStudy1.utils.HelperClass - Navigating to: http://demo.automationtesting.in/Register.html
13:32:32.091 [main] INFO  com.caseStudy1.pageObjects.RegistrationPageObjects - Entering Veeranaga in firstname box
13:32:32.197 [main] DEBUG com.caseStudy1.utils.HelperClass - Veeranaga entered
13:32:32.198 [main] INFO  com.caseStudy1.pageObjects.RegistrationPageObjects - Entering Kandaraboina in lastname box
13:32:32.353 [main] DEBUG com.caseStudy1.utils.HelperClass - Kandaraboina entered
13:32:32.353 [main] INFO  com.caseStudy1.pageObjects.RegistrationPageObjects - Entering Address in address box
13:32:32.512 [main] DEBUG com.caseStudy1.utils.HelperClass - Address entered
13:32:32.512 [main] INFO  com.caseStudy1.pageObjects.RegistrationPageObjects - Entering :veernag1@email.com in email box
13:32:32.660 [main] DEBUG com.caseStudy1.utils.HelperClass - veernag1@email.com entered
13:32:32.660 [main] INFO  com.caseStudy1.pageObjects.RegistrationPageObjects - Entering :1234567890 in phone number box
13:32:32.790 [main] DEBUG com.caseStudy1.utils.HelperClass - 1234567890 entered
13:32:32.790 [main] INFO  com.caseStudy1.pageObjects.RegistrationPageObjects - Searching : Male
13:32:32.808 [main] DEBUG com.caseStudy1.pageObjects.RegistrationPageObjects - Male found
13:32:32.965 [main] INFO  com.caseStudy1.utils.HelperClass - Element Clicked
13:32:32.966 [main] INFO  com.caseStudy1.pageObjects.RegistrationPageObjects - Male clicked
13:32:32.966 [main] INFO  com.caseStudy1.pageObjects.RegistrationPageObjects - Searching: Cricket
13:32:32.981 [main] INFO  com.caseStudy1.pageObjects.RegistrationPageObjects - Cricket found
13:32:33.075 [main] INFO  com.caseStudy1.utils.HelperClass - Element Clicked
13:32:33.075 [main] INFO  com.caseStudy1.pageObjects.RegistrationPageObjects - Cricket clicked
13:32:33.075 [main] INFO  com.caseStudy1.pageObjects.RegistrationPageObjects - Searching: Hockey
13:32:33.088 [main] INFO  com.caseStudy1.pageObjects.RegistrationPageObjects - Hockey found
13:32:33.171 [main] INFO  com.caseStudy1.utils.HelperClass - Element Clicked
13:32:33.171 [main] INFO  com.caseStudy1.pageObjects.RegistrationPageObjects - Hockey clicked
13:32:33.171 [main] INFO  com.caseStudy1.pageObjects.RegistrationPageObjects - Searching: Movies
13:32:33.185 [main] INFO  com.caseStudy1.pageObjects.RegistrationPageObjects - Movies found
13:32:33.275 [main] INFO  com.caseStudy1.utils.HelperClass - Element Clicked
13:32:33.276 [main] INFO  com.caseStudy1.pageObjects.RegistrationPageObjects - Movies clicked
13:32:33.276 [main] INFO  com.caseStudy1.pageObjects.RegistrationPageObjects - Clicking languages dropdown
13:32:33.936 [main] INFO  com.caseStudy1.pageObjects.RegistrationPageObjects - Searching: English
13:32:33.949 [main] INFO  com.caseStudy1.pageObjects.RegistrationPageObjects - English found
13:32:34.019 [main] INFO  com.caseStudy1.utils.HelperClass - Element Clicked
13:32:34.019 [main] INFO  com.caseStudy1.pageObjects.RegistrationPageObjects - English selected
13:32:34.020 [main] INFO  com.caseStudy1.pageObjects.RegistrationPageObjects - Searching: Hindi
13:32:34.036 [main] INFO  com.caseStudy1.pageObjects.RegistrationPageObjects - Hindi found
13:32:34.104 [main] INFO  com.caseStudy1.utils.HelperClass - Element Clicked
13:32:34.105 [main] INFO  com.caseStudy1.pageObjects.RegistrationPageObjects - Hindi selected
13:32:34.105 [main] INFO  com.caseStudy1.pageObjects.RegistrationPageObjects - Searching skill :Java
13:32:34.969 [main] INFO  com.caseStudy1.pageObjects.RegistrationPageObjects - Java found
13:32:35.053 [main] INFO  com.caseStudy1.utils.HelperClass - Selected : Java
13:32:35.053 [main] DEBUG com.caseStudy1.pageObjects.RegistrationPageObjects - Selecting country :India
13:32:35.140 [main] INFO  com.caseStudy1.utils.HelperClass - Selected : India
13:32:35.140 [main] INFO  com.caseStudy1.pageObjects.RegistrationPageObjects - Clicking select country dropdown
13:32:35.237 [main] INFO  com.caseStudy1.utils.HelperClass - Element Clicked
13:32:35.237 [main] DEBUG com.caseStudy1.pageObjects.RegistrationPageObjects - Selecting :Australia
13:32:35.321 [main] INFO  com.caseStudy1.utils.HelperClass - Element Clicked
13:32:35.321 [main] INFO  com.caseStudy1.pageObjects.RegistrationPageObjects - 05 May 1996
13:32:35.321 [main] INFO  com.caseStudy1.pageObjects.RegistrationPageObjects - Checking : 5
13:32:35.353 [main] INFO  com.caseStudy1.pageObjects.RegistrationPageObjects - NumberFormatException For input string: " Day "
13:32:35.365 [main] INFO  com.caseStudy1.pageObjects.RegistrationPageObjects - NumberFormatException For input string: "1 "
13:32:35.692 [main] INFO  com.caseStudy1.pageObjects.RegistrationPageObjects - 5 found
13:32:35.767 [main] INFO  com.caseStudy1.utils.HelperClass - Selected : 5
13:32:35.768 [main] INFO  com.caseStudy1.pageObjects.RegistrationPageObjects - Searching : May
13:32:35.914 [main] INFO  com.caseStudy1.pageObjects.RegistrationPageObjects - May found
13:32:35.989 [main] INFO  com.caseStudy1.utils.HelperClass - Selected : May
13:32:35.989 [main] INFO  com.caseStudy1.pageObjects.RegistrationPageObjects - Searching : 1996
13:32:37.130 [main] INFO  com.caseStudy1.pageObjects.RegistrationPageObjects - 1996 found
13:32:37.201 [main] INFO  com.caseStudy1.utils.HelperClass - Selected : 1996
13:32:37.201 [main] INFO  com.caseStudy1.pageObjects.RegistrationPageObjects - Entering password Password@123
13:32:37.301 [main] DEBUG com.caseStudy1.utils.HelperClass - Password@123 entered
13:32:37.301 [main] INFO  com.caseStudy1.pageObjects.RegistrationPageObjects - Confirming password Password@123
13:32:37.394 [main] DEBUG com.caseStudy1.utils.HelperClass - Password@123 entered
13:32:37.473 [main] INFO  com.caseStudy1.utils.HelperClass - Element Clicked
]]></system-out>
    <system-err><![CDATA[Starting ChromeDriver 85.0.4183.87 (cd6713ebf92fa1cacc0f1a598df280093af0c5d7-refs/branch-heads/4183@{#1689}) on port 36940
Only local connections are allowed.
Please see https://chromedriver.chromium.org/security-considerations for suggestions on keeping ChromeDriver safe.
ChromeDriver was started successfully.
Oct 05, 2020 1:32:24 PM org.openqa.selenium.remote.ProtocolHandshake createSession
INFO: Detected dialect: W3C
]]></system-err>
  </testcase>
  <testcase name="windowHandling[{dateForDisabled=15/01/2022, seleniumText=Selenium automates browsers. That&apos;s it!, titles=SeleniumHQ Browser Automation,Index, dateForEnabled=14/11/1920}](1)" classname="com.caseStudy01.tests.WindowHandlingTests" time="19.991">
    <system-out><![CDATA[13:32:38.282 [main] INFO  com.caseStudy1.utils.ConfigFileReader - configFileReader object created
13:32:38.282 [main] INFO  com.caseStudy1.utils.Base - Starting driver
13:32:38.334 [main] INFO  com.caseStudy1.utils.HelperClass - Navigating to: http://demo.automationtesting.in/Windows.html
13:32:39.742 [main] INFO  com.caseStudy1.pageObjects.WindowsPageObjects - Clicking new tab button
13:32:39.912 [main] INFO  com.caseStudy1.utils.HelperClass - Element Clicked
13:32:39.912 [main] INFO  com.caseStudy1.pageObjects.WindowsPageObjects - Asserting text: Selenium automates browsers. That's it!
13:32:49.856 [main] INFO  com.caseStudy1.utils.HelperClass - Extracted text : Selenium automates browsers. That's it!
13:32:49.857 [main] INFO  com.caseStudy1.utils.HelperClass - Asserting - Selenium automates browsers. That's it! with Selenium automates browsers. That's it!
13:32:49.859 [main] INFO  com.caseStudy1.utils.HelperClass - Closing window
13:32:49.937 [main] INFO  com.caseStudy1.utils.HelperClass - Switched to window: CDwindow-FD5E43F86A271AE3A41F1781B8BB4478
13:32:49.937 [main] INFO  com.caseStudy1.pageObjects.WindowsPageObjects - Clicking new seperate windows button
13:32:51.024 [main] INFO  com.caseStudy1.utils.HelperClass - Element Clicked
13:32:51.025 [main] INFO  com.caseStudy1.pageObjects.WindowsPageObjects - Clicking click button
13:32:51.163 [main] INFO  com.caseStudy1.utils.HelperClass - Element Clicked
13:32:51.163 [main] INFO  com.caseStudy1.pageObjects.WindowsPageObjects - Asserting text: Selenium automates browsers. That's it!
13:32:53.230 [main] INFO  com.caseStudy1.utils.HelperClass - Extracted text : Selenium automates browsers. That's it!
13:32:53.231 [main] INFO  com.caseStudy1.utils.HelperClass - Asserting - Selenium automates browsers. That's it! with Selenium automates browsers. That's it!
13:32:53.231 [main] INFO  com.caseStudy1.utils.HelperClass - Closing window
13:32:53.282 [main] INFO  com.caseStudy1.utils.HelperClass - Switched to window: CDwindow-FD5E43F86A271AE3A41F1781B8BB4478
13:32:53.282 [main] INFO  com.caseStudy1.pageObjects.WindowsPageObjects - Clicking new seperate multiple windows button
13:32:53.375 [main] INFO  com.caseStudy1.utils.HelperClass - Element Clicked
13:32:53.375 [main] INFO  com.caseStudy1.pageObjects.WindowsPageObjects - Clicking click button
13:32:53.519 [main] INFO  com.caseStudy1.utils.HelperClass - Element Clicked
13:32:53.520 [main] INFO  com.caseStudy1.pageObjects.WindowsPageObjects - Asserting title SeleniumHQ Browser Automation
13:32:53.521 [main] INFO  com.caseStudy1.pageObjects.WindowsPageObjects - Getting window title
13:32:53.546 [main] INFO  com.caseStudy1.utils.HelperClass - Switched to window: CDwindow-C5109454EC82977922FAD6EFB9419DA0
13:32:55.564 [main] INFO  com.caseStudy1.utils.HelperClass - Closing window
13:32:55.606 [main] INFO  com.caseStudy1.utils.HelperClass - Switched to window: CDwindow-FD5E43F86A271AE3A41F1781B8BB4478
13:32:55.606 [main] INFO  com.caseStudy1.utils.HelperClass - Asserting - SeleniumHQ Browser Automation with SeleniumHQ Browser Automation
13:32:55.606 [main] INFO  com.caseStudy1.pageObjects.WindowsPageObjects - Asserting title Index
13:32:55.606 [main] INFO  com.caseStudy1.pageObjects.WindowsPageObjects - Getting window title
13:32:55.639 [main] INFO  com.caseStudy1.utils.HelperClass - Switched to window: CDwindow-114B092F57F6D5851647B838F6CFDFE9
13:32:57.652 [main] INFO  com.caseStudy1.utils.HelperClass - Closing window
13:32:57.692 [main] INFO  com.caseStudy1.utils.HelperClass - Switched to window: CDwindow-FD5E43F86A271AE3A41F1781B8BB4478
13:32:57.692 [main] INFO  com.caseStudy1.utils.HelperClass - Asserting - Index with Index
]]></system-out>
  </testcase>
  <testcase name="alerTest[{nestedframetext=nestedframetext, singleframetext=singleframetext, alert2text=cancel, alert3name=veernag}](1)" classname="com.caseStudy01.tests.AlertsTests" time="1.632">
    <system-out><![CDATA[13:32:58.224 [main] INFO  com.caseStudy1.utils.ConfigFileReader - configFileReader object created
13:32:58.224 [main] INFO  com.caseStudy1.utils.Base - Starting driver
13:32:58.265 [main] INFO  com.caseStudy1.utils.HelperClass - Navigating to: http://demo.automationtesting.in/Alerts.html
13:32:58.825 [main] INFO  com.caseStudy1.pageObjects.AlertsPageObject - Clicking Alert1 Box
13:32:58.945 [main] INFO  com.caseStudy1.utils.HelperClass - Element Clicked
13:32:58.946 [main] INFO  com.caseStudy1.pageObjects.AlertsPageObject - Accepting alert1
13:32:58.950 [main] INFO  com.caseStudy1.utils.HelperClass - Alext accpetd
13:32:58.950 [main] INFO  com.caseStudy1.pageObjects.AlertsPageObject - Clicking alert 2 button
13:32:59.035 [main] INFO  com.caseStudy1.utils.HelperClass - Element Clicked
13:32:59.035 [main] INFO  com.caseStudy1.pageObjects.AlertsPageObject - Clicking alert 2 box
13:32:59.112 [main] INFO  com.caseStudy1.utils.HelperClass - Element Clicked
13:32:59.113 [main] INFO  com.caseStudy1.pageObjects.AlertsPageObject - Dismissing Alert2
13:32:59.117 [main] INFO  com.caseStudy1.utils.HelperClass - Alext dismissed
13:32:59.117 [main] INFO  com.caseStudy1.pageObjects.AlertsPageObject - Getting alert2 text
13:32:59.152 [main] INFO  com.caseStudy1.utils.HelperClass - Extracted text : You Pressed Cancel
13:32:59.152 [main] INFO  com.caseStudy1.utils.HelperClass - Asserting - You Pressed Cancel with You Pressed Cancel
13:32:59.236 [main] INFO  com.caseStudy1.utils.HelperClass - Element Clicked
13:32:59.490 [main] INFO  com.caseStudy1.utils.HelperClass - Element Clicked
13:32:59.490 [main] INFO  com.caseStudy1.pageObjects.AlertsPageObject - Dismissing Alert
13:32:59.494 [main] INFO  com.caseStudy1.utils.HelperClass - Alext dismissed
]]></system-out>
  </testcase>
  <testcase name="framesTest[{nestedframetext=nestedframetext, singleframetext=singleframetext, alert2text=cancel, alert3name=veernag}](1)" classname="com.caseStudy01.tests.FramesTests" time="2.813">
    <system-out><![CDATA[13:32:59.904 [main] INFO  com.caseStudy1.utils.ConfigFileReader - configFileReader object created
13:32:59.905 [main] INFO  com.caseStudy1.utils.Base - Starting driver
13:32:59.950 [main] INFO  com.caseStudy1.utils.HelperClass - Navigating to: http://demo.automationtesting.in/Frames.html
13:33:00.495 [main] INFO  com.caseStudy1.pageObjects.FramesPageObject - Switching to frame
13:33:00.496 [main] INFO  com.caseStudy1.utils.HelperClass - Switching to frame
13:33:00.586 [main] INFO  com.caseStudy1.pageObjects.FramesPageObject - Entering singleframetext in text box
13:33:02.086 [main] DEBUG com.caseStudy1.utils.HelperClass - singleframetext entered
13:33:02.086 [main] INFO  com.caseStudy1.utils.HelperClass - Switching to default content
13:33:02.093 [main] INFO  com.caseStudy1.pageObjects.FramesPageObject - Clicking nested frame button
13:33:02.207 [main] INFO  com.caseStudy1.utils.HelperClass - Element Clicked
13:33:02.207 [main] INFO  com.caseStudy1.pageObjects.FramesPageObject - Switching to outer frame
13:33:02.207 [main] INFO  com.caseStudy1.utils.HelperClass - Switching to frame
13:33:02.233 [main] INFO  com.caseStudy1.pageObjects.FramesPageObject - Switching to nested frame
13:33:02.234 [main] INFO  com.caseStudy1.utils.HelperClass - Switching to frame
13:33:02.266 [main] INFO  com.caseStudy1.pageObjects.FramesPageObject - Entering nestedframetext in text box
13:33:02.373 [main] DEBUG com.caseStudy1.utils.HelperClass - nestedframetext entered
13:33:02.373 [main] INFO  com.caseStudy1.utils.HelperClass - Switching to default content
]]></system-out>
  </testcase>
  <testcase name="dataPickerTest[{dateForDisabled=15/01/2022, seleniumText=Selenium automates browsers. That&apos;s it!, titles=SeleniumHQ Browser Automation,Index, dateForEnabled=14/11/1920}](1)" classname="com.caseStudy01.tests.DatePickerTests" time="8.031">
    <system-out><![CDATA[13:33:02.724 [main] INFO  com.caseStudy1.utils.ConfigFileReader - configFileReader object created
13:33:02.725 [main] INFO  com.caseStudy1.utils.Base - Starting driver
13:33:02.770 [main] INFO  com.caseStudy1.utils.HelperClass - Navigating to: http://demo.automationtesting.in/Datepicker.html
13:33:03.188 [main] INFO  com.caseStudy1.pageObjects.DatePickerPageObject - Clicking date picker
13:33:04.500 [main] INFO  com.caseStudy1.utils.HelperClass - Element Clicked
13:33:04.500 [main] INFO  com.caseStudy1.pageObjects.DatePickerPageObject - Selecting date in disabled date picker
date to click : 15/01/2022
Sat Jan 15 00:00:00 IST 2022
13:33:04.502 [main] INFO  com.caseStudy1.pageObjects.DatePickerPageObject - 15 January 2022
15/January/2022
13:33:04.502 [main] INFO  com.caseStudy1.pageObjects.DatePickerPageObject - Future date
13:33:04.530 [main] INFO  com.caseStudy1.utils.HelperClass - Extracted text : 2020
13:33:04.531 [main] INFO  com.caseStudy1.pageObjects.DatePickerPageObject - Checked year: 2020
13:33:04.531 [main] INFO  com.caseStudy1.pageObjects.DatePickerPageObject - Clicking next Button
13:33:04.628 [main] INFO  com.caseStudy1.utils.HelperClass - Element Clicked
13:33:04.644 [main] INFO  com.caseStudy1.utils.HelperClass - Extracted text : 2020
13:33:04.644 [main] INFO  com.caseStudy1.pageObjects.DatePickerPageObject - Checked year: 2020
13:33:04.644 [main] INFO  com.caseStudy1.pageObjects.DatePickerPageObject - Clicking next Button
13:33:04.724 [main] INFO  com.caseStudy1.utils.HelperClass - Element Clicked
13:33:04.741 [main] INFO  com.caseStudy1.utils.HelperClass - Extracted text : 2020
13:33:04.741 [main] INFO  com.caseStudy1.pageObjects.DatePickerPageObject - Checked year: 2020
13:33:04.741 [main] INFO  com.caseStudy1.pageObjects.DatePickerPageObject - Clicking next Button
13:33:04.812 [main] INFO  com.caseStudy1.utils.HelperClass - Element Clicked
13:33:04.829 [main] INFO  com.caseStudy1.utils.HelperClass - Extracted text : 2021
13:33:04.829 [main] INFO  com.caseStudy1.pageObjects.DatePickerPageObject - Checked year: 2021
13:33:04.829 [main] INFO  com.caseStudy1.pageObjects.DatePickerPageObject - Clicking next Button
13:33:04.903 [main] INFO  com.caseStudy1.utils.HelperClass - Element Clicked
13:33:04.920 [main] INFO  com.caseStudy1.utils.HelperClass - Extracted text : 2021
13:33:04.920 [main] INFO  com.caseStudy1.pageObjects.DatePickerPageObject - Checked year: 2021
13:33:04.920 [main] INFO  com.caseStudy1.pageObjects.DatePickerPageObject - Clicking next Button
13:33:05.133 [main] INFO  com.caseStudy1.utils.HelperClass - Element Clicked
13:33:05.186 [main] INFO  com.caseStudy1.utils.HelperClass - Extracted text : 2021
13:33:05.186 [main] INFO  com.caseStudy1.pageObjects.DatePickerPageObject - Checked year: 2021
13:33:05.186 [main] INFO  com.caseStudy1.pageObjects.DatePickerPageObject - Clicking next Button
13:33:05.392 [main] INFO  com.caseStudy1.utils.HelperClass - Element Clicked
13:33:05.408 [main] INFO  com.caseStudy1.utils.HelperClass - Extracted text : 2021
13:33:05.408 [main] INFO  com.caseStudy1.pageObjects.DatePickerPageObject - Checked year: 2021
13:33:05.408 [main] INFO  com.caseStudy1.pageObjects.DatePickerPageObject - Clicking next Button
13:33:05.474 [main] INFO  com.caseStudy1.utils.HelperClass - Element Clicked
13:33:05.490 [main] INFO  com.caseStudy1.utils.HelperClass - Extracted text : 2021
13:33:05.490 [main] INFO  com.caseStudy1.pageObjects.DatePickerPageObject - Checked year: 2021
13:33:05.490 [main] INFO  com.caseStudy1.pageObjects.DatePickerPageObject - Clicking next Button
13:33:05.563 [main] INFO  com.caseStudy1.utils.HelperClass - Element Clicked
13:33:05.581 [main] INFO  com.caseStudy1.utils.HelperClass - Extracted text : 2021
13:33:05.582 [main] INFO  com.caseStudy1.pageObjects.DatePickerPageObject - Checked year: 2021
13:33:05.582 [main] INFO  com.caseStudy1.pageObjects.DatePickerPageObject - Clicking next Button
13:33:05.652 [main] INFO  com.caseStudy1.utils.HelperClass - Element Clicked
13:33:05.670 [main] INFO  com.caseStudy1.utils.HelperClass - Extracted text : 2021
13:33:05.671 [main] INFO  com.caseStudy1.pageObjects.DatePickerPageObject - Checked year: 2021
13:33:05.671 [main] INFO  com.caseStudy1.pageObjects.DatePickerPageObject - Clicking next Button
13:33:05.741 [main] INFO  com.caseStudy1.utils.HelperClass - Element Clicked
13:33:05.758 [main] INFO  com.caseStudy1.utils.HelperClass - Extracted text : 2021
13:33:05.758 [main] INFO  com.caseStudy1.pageObjects.DatePickerPageObject - Checked year: 2021
13:33:05.758 [main] INFO  com.caseStudy1.pageObjects.DatePickerPageObject - Clicking next Button
13:33:05.882 [main] INFO  com.caseStudy1.utils.HelperClass - Element Clicked
13:33:05.903 [main] INFO  com.caseStudy1.utils.HelperClass - Extracted text : 2021
13:33:05.903 [main] INFO  com.caseStudy1.pageObjects.DatePickerPageObject - Checked year: 2021
13:33:05.903 [main] INFO  com.caseStudy1.pageObjects.DatePickerPageObject - Clicking next Button
13:33:06.033 [main] INFO  com.caseStudy1.utils.HelperClass - Element Clicked
13:33:06.049 [main] INFO  com.caseStudy1.utils.HelperClass - Extracted text : 2021
13:33:06.049 [main] INFO  com.caseStudy1.pageObjects.DatePickerPageObject - Checked year: 2021
13:33:06.049 [main] INFO  com.caseStudy1.pageObjects.DatePickerPageObject - Clicking next Button
13:33:06.159 [main] INFO  com.caseStudy1.utils.HelperClass - Element Clicked
13:33:06.199 [main] INFO  com.caseStudy1.utils.HelperClass - Extracted text : 2021
13:33:06.200 [main] INFO  com.caseStudy1.pageObjects.DatePickerPageObject - Checked year: 2021
13:33:06.200 [main] INFO  com.caseStudy1.pageObjects.DatePickerPageObject - Clicking next Button
13:33:06.345 [main] INFO  com.caseStudy1.utils.HelperClass - Element Clicked
13:33:06.362 [main] INFO  com.caseStudy1.utils.HelperClass - Extracted text : 2021
13:33:06.362 [main] INFO  com.caseStudy1.pageObjects.DatePickerPageObject - Checked year: 2021
13:33:06.362 [main] INFO  com.caseStudy1.pageObjects.DatePickerPageObject - Clicking next Button
13:33:06.435 [main] INFO  com.caseStudy1.utils.HelperClass - Element Clicked
13:33:06.448 [main] INFO  com.caseStudy1.utils.HelperClass - Extracted text : 2022
13:33:06.449 [main] INFO  com.caseStudy1.pageObjects.DatePickerPageObject - Checked year: 2022
13:33:06.465 [main] INFO  com.caseStudy1.utils.HelperClass - Extracted text : January
13:33:06.466 [main] INFO  com.caseStudy1.pageObjects.DatePickerPageObject - Checked month : January
13:33:06.466 [main] INFO  com.caseStudy1.pageObjects.DatePickerPageObject - Clicking day : 15
13:33:06.507 [main] INFO  com.caseStudy1.pageObjects.DatePickerPageObject - Clicking date picker
13:33:06.630 [main] INFO  com.caseStudy1.utils.HelperClass - Element Clicked
13:33:06.630 [main] INFO  com.caseStudy1.pageObjects.DatePickerPageObject - Selecting date in enabled date picker
14/11/1920
Sun Nov 14 00:00:00 IST 1920
13:33:06.631 [main] INFO  com.caseStudy1.pageObjects.DatePickerPageObject - 14 November 1920
13:33:06.631 [main] INFO  com.caseStudy1.pageObjects.DatePickerPageObject - Checking 1920 present in the current list
13:33:06.662 [main] INFO  com.caseStudy1.utils.HelperClass - Extracted text : 
13:33:06.663 [main] INFO  com.caseStudy1.pageObjects.DatePickerPageObject - Checking year: 
13:33:06.678 [main] INFO  com.caseStudy1.utils.HelperClass - Extracted text : 
13:33:06.678 [main] INFO  com.caseStudy1.pageObjects.DatePickerPageObject - Checking year: 
13:33:06.693 [main] INFO  com.caseStudy1.utils.HelperClass - Extracted text : 
13:33:06.693 [main] INFO  com.caseStudy1.pageObjects.DatePickerPageObject - Checking year: 
13:33:06.715 [main] INFO  com.caseStudy1.utils.HelperClass - Extracted text : 
13:33:06.715 [main] INFO  com.caseStudy1.pageObjects.DatePickerPageObject - Checking year: 
13:33:06.739 [main] INFO  com.caseStudy1.utils.HelperClass - Extracted text : 
13:33:06.739 [main] INFO  com.caseStudy1.pageObjects.DatePickerPageObject - Checking year: 
13:33:06.754 [main] INFO  com.caseStudy1.utils.HelperClass - Extracted text : 
13:33:06.754 [main] INFO  com.caseStudy1.pageObjects.DatePickerPageObject - Checking year: 
13:33:06.768 [main] INFO  com.caseStudy1.utils.HelperClass - Extracted text : 
13:33:06.768 [main] INFO  com.caseStudy1.pageObjects.DatePickerPageObject - Checking year: 
13:33:06.781 [main] INFO  com.caseStudy1.utils.HelperClass - Extracted text : 
13:33:06.781 [main] INFO  com.caseStudy1.pageObjects.DatePickerPageObject - Checking year: 
13:33:06.795 [main] INFO  com.caseStudy1.utils.HelperClass - Extracted text : 
13:33:06.795 [main] INFO  com.caseStudy1.pageObjects.DatePickerPageObject - Checking year: 
13:33:06.811 [main] INFO  com.caseStudy1.utils.HelperClass - Extracted text : 
13:33:06.811 [main] INFO  com.caseStudy1.pageObjects.DatePickerPageObject - Checking year: 
13:33:06.835 [main] INFO  com.caseStudy1.utils.HelperClass - Extracted text : 
13:33:06.835 [main] INFO  com.caseStudy1.pageObjects.DatePickerPageObject - Checking year: 
13:33:06.858 [main] INFO  com.caseStudy1.utils.HelperClass - Extracted text : 
13:33:06.858 [main] INFO  com.caseStudy1.pageObjects.DatePickerPageObject - Checking year: 
13:33:06.872 [main] INFO  com.caseStudy1.utils.HelperClass - Extracted text : 2021
13:33:06.872 [main] INFO  com.caseStudy1.pageObjects.DatePickerPageObject - Checking year: 2021
13:33:06.909 [main] INFO  com.caseStudy1.utils.HelperClass - Extracted text : 2022
13:33:06.909 [main] INFO  com.caseStudy1.pageObjects.DatePickerPageObject - Checking year: 2022
13:33:06.925 [main] INFO  com.caseStudy1.utils.HelperClass - Extracted text : 2023
13:33:06.926 [main] INFO  com.caseStudy1.pageObjects.DatePickerPageObject - Checking year: 2023
13:33:06.937 [main] INFO  com.caseStudy1.utils.HelperClass - Extracted text : 2024
13:33:06.938 [main] INFO  com.caseStudy1.pageObjects.DatePickerPageObject - Checking year: 2024
13:33:06.955 [main] INFO  com.caseStudy1.utils.HelperClass - Extracted text : 2025
13:33:06.955 [main] INFO  com.caseStudy1.pageObjects.DatePickerPageObject - Checking year: 2025
13:33:06.966 [main] INFO  com.caseStudy1.utils.HelperClass - Extracted text : 2026
13:33:06.966 [main] INFO  com.caseStudy1.pageObjects.DatePickerPageObject - Checking year: 2026
13:33:06.980 [main] INFO  com.caseStudy1.utils.HelperClass - Extracted text : 2027
13:33:06.980 [main] INFO  com.caseStudy1.pageObjects.DatePickerPageObject - Checking year: 2027
13:33:06.992 [main] INFO  com.caseStudy1.utils.HelperClass - Extracted text : 2028
13:33:06.992 [main] INFO  com.caseStudy1.pageObjects.DatePickerPageObject - Checking year: 2028
13:33:07.004 [main] INFO  com.caseStudy1.utils.HelperClass - Extracted text : 2029
13:33:07.004 [main] INFO  com.caseStudy1.pageObjects.DatePickerPageObject - Checking year: 2029
13:33:07.017 [main] INFO  com.caseStudy1.utils.HelperClass - Extracted text : 2030
13:33:07.017 [main] INFO  com.caseStudy1.pageObjects.DatePickerPageObject - Checking year: 2030
13:33:07.030 [main] INFO  com.caseStudy1.utils.HelperClass - Extracted text :   ?
13:33:07.031 [main] INFO  com.caseStudy1.pageObjects.DatePickerPageObject - Checking year:   ?
13:33:07.031 [main] INFO  com.caseStudy1.pageObjects.DatePickerPageObject - Year not found in the current list
13:33:07.052 [main] INFO  com.caseStudy1.utils.HelperClass - Extracted text : 2030
13:33:07.052 [main] INFO  com.caseStudy1.pageObjects.DatePickerPageObject - Past year
13:33:07.053 [main] INFO  com.caseStudy1.pageObjects.DatePickerPageObject - Clicking up button
13:33:07.164 [main] INFO  com.caseStudy1.utils.HelperClass - Selected option at index: 0
13:33:07.164 [main] INFO  com.caseStudy1.pageObjects.DatePickerPageObject - Checking 1920 present in the current list
13:33:07.186 [main] INFO  com.caseStudy1.utils.HelperClass - Extracted text :   ?
13:33:07.187 [main] INFO  com.caseStudy1.pageObjects.DatePickerPageObject - Checking year:   ?
13:33:07.199 [main] INFO  com.caseStudy1.utils.HelperClass - Extracted text : 1990
13:33:07.199 [main] INFO  com.caseStudy1.pageObjects.DatePickerPageObject - Checking year: 1990
13:33:07.210 [main] INFO  com.caseStudy1.utils.HelperClass - Extracted text : 1991
13:33:07.211 [main] INFO  com.caseStudy1.pageObjects.DatePickerPageObject - Checking year: 1991
13:33:07.223 [main] INFO  com.caseStudy1.utils.HelperClass - Extracted text : 1992
13:33:07.223 [main] INFO  com.caseStudy1.pageObjects.DatePickerPageObject - Checking year: 1992
13:33:07.235 [main] INFO  com.caseStudy1.utils.HelperClass - Extracted text : 1993
13:33:07.235 [main] INFO  com.caseStudy1.pageObjects.DatePickerPageObject - Checking year: 1993
13:33:07.247 [main] INFO  com.caseStudy1.utils.HelperClass - Extracted text : 1994
13:33:07.247 [main] INFO  com.caseStudy1.pageObjects.DatePickerPageObject - Checking year: 1994
13:33:07.258 [main] INFO  com.caseStudy1.utils.HelperClass - Extracted text : 1995
13:33:07.258 [main] INFO  com.caseStudy1.pageObjects.DatePickerPageObject - Checking year: 1995
13:33:07.271 [main] INFO  com.caseStudy1.utils.HelperClass - Extracted text : 1996
13:33:07.272 [main] INFO  com.caseStudy1.pageObjects.DatePickerPageObject - Checking year: 1996
13:33:07.283 [main] INFO  com.caseStudy1.utils.HelperClass - Extracted text : 1997
13:33:07.283 [main] INFO  com.caseStudy1.pageObjects.DatePickerPageObject - Checking year: 1997
13:33:07.295 [main] INFO  com.caseStudy1.utils.HelperClass - Extracted text : 1998
13:33:07.295 [main] INFO  com.caseStudy1.pageObjects.DatePickerPageObject - Checking year: 1998
13:33:07.306 [main] INFO  com.caseStudy1.utils.HelperClass - Extracted text : 1999
13:33:07.306 [main] INFO  com.caseStudy1.pageObjects.DatePickerPageObject - Checking year: 1999
13:33:07.318 [main] INFO  com.caseStudy1.utils.HelperClass - Extracted text : 2000
13:33:07.318 [main] INFO  com.caseStudy1.pageObjects.DatePickerPageObject - Checking year: 2000
13:33:07.329 [main] INFO  com.caseStudy1.utils.HelperClass - Extracted text : 2001
13:33:07.329 [main] INFO  com.caseStudy1.pageObjects.DatePickerPageObject - Checking year: 2001
13:33:07.341 [main] INFO  com.caseStudy1.utils.HelperClass - Extracted text : 2002
13:33:07.341 [main] INFO  com.caseStudy1.pageObjects.DatePickerPageObject - Checking year: 2002
13:33:07.354 [main] INFO  com.caseStudy1.utils.HelperClass - Extracted text : 2003
13:33:07.354 [main] INFO  com.caseStudy1.pageObjects.DatePickerPageObject - Checking year: 2003
13:33:07.366 [main] INFO  com.caseStudy1.utils.HelperClass - Extracted text : 2004
13:33:07.366 [main] INFO  com.caseStudy1.pageObjects.DatePickerPageObject - Checking year: 2004
13:33:07.378 [main] INFO  com.caseStudy1.utils.HelperClass - Extracted text : 2005
13:33:07.379 [main] INFO  com.caseStudy1.pageObjects.DatePickerPageObject - Checking year: 2005
13:33:07.389 [main] INFO  com.caseStudy1.utils.HelperClass - Extracted text : 2006
13:33:07.390 [main] INFO  com.caseStudy1.pageObjects.DatePickerPageObject - Checking year: 2006
13:33:07.401 [main] INFO  com.caseStudy1.utils.HelperClass - Extracted text : 2007
13:33:07.401 [main] INFO  com.caseStudy1.pageObjects.DatePickerPageObject - Checking year: 2007
13:33:07.413 [main] INFO  com.caseStudy1.utils.HelperClass - Extracted text : 2008
13:33:07.413 [main] INFO  com.caseStudy1.pageObjects.DatePickerPageObject - Checking year: 2008
13:33:07.424 [main] INFO  com.caseStudy1.utils.HelperClass - Extracted text : 2009
13:33:07.425 [main] INFO  com.caseStudy1.pageObjects.DatePickerPageObject - Checking year: 2009
13:33:07.436 [main] INFO  com.caseStudy1.utils.HelperClass - Extracted text : 2010
13:33:07.436 [main] INFO  com.caseStudy1.pageObjects.DatePickerPageObject - Checking year: 2010
13:33:07.448 [main] INFO  com.caseStudy1.utils.HelperClass - Extracted text :   ?
13:33:07.448 [main] INFO  com.caseStudy1.pageObjects.DatePickerPageObject - Checking year:   ?
13:33:07.449 [main] INFO  com.caseStudy1.pageObjects.DatePickerPageObject - Year not found in the current list
13:33:07.464 [main] INFO  com.caseStudy1.utils.HelperClass - Extracted text : 2010
13:33:07.464 [main] INFO  com.caseStudy1.pageObjects.DatePickerPageObject - Past year
13:33:07.464 [main] INFO  com.caseStudy1.pageObjects.DatePickerPageObject - Clicking up button
13:33:07.566 [main] INFO  com.caseStudy1.utils.HelperClass - Selected option at index: 0
13:33:07.566 [main] INFO  com.caseStudy1.pageObjects.DatePickerPageObject - Checking 1920 present in the current list
13:33:07.590 [main] INFO  com.caseStudy1.utils.HelperClass - Extracted text :   ?
13:33:07.590 [main] INFO  com.caseStudy1.pageObjects.DatePickerPageObject - Checking year:   ?
13:33:07.602 [main] INFO  com.caseStudy1.utils.HelperClass - Extracted text : 1970
13:33:07.602 [main] INFO  com.caseStudy1.pageObjects.DatePickerPageObject - Checking year: 1970
13:33:07.615 [main] INFO  com.caseStudy1.utils.HelperClass - Extracted text : 1971
13:33:07.616 [main] INFO  com.caseStudy1.pageObjects.DatePickerPageObject - Checking year: 1971
13:33:07.627 [main] INFO  com.caseStudy1.utils.HelperClass - Extracted text : 1972
13:33:07.627 [main] INFO  com.caseStudy1.pageObjects.DatePickerPageObject - Checking year: 1972
13:33:07.639 [main] INFO  com.caseStudy1.utils.HelperClass - Extracted text : 1973
13:33:07.639 [main] INFO  com.caseStudy1.pageObjects.DatePickerPageObject - Checking year: 1973
13:33:07.652 [main] INFO  com.caseStudy1.utils.HelperClass - Extracted text : 1974
13:33:07.652 [main] INFO  com.caseStudy1.pageObjects.DatePickerPageObject - Checking year: 1974
13:33:07.665 [main] INFO  com.caseStudy1.utils.HelperClass - Extracted text : 1975
13:33:07.665 [main] INFO  com.caseStudy1.pageObjects.DatePickerPageObject - Checking year: 1975
13:33:07.679 [main] INFO  com.caseStudy1.utils.HelperClass - Extracted text : 1976
13:33:07.679 [main] INFO  com.caseStudy1.pageObjects.DatePickerPageObject - Checking year: 1976
13:33:07.698 [main] INFO  com.caseStudy1.utils.HelperClass - Extracted text : 1977
13:33:07.698 [main] INFO  com.caseStudy1.pageObjects.DatePickerPageObject - Checking year: 1977
13:33:07.710 [main] INFO  com.caseStudy1.utils.HelperClass - Extracted text : 1978
13:33:07.710 [main] INFO  com.caseStudy1.pageObjects.DatePickerPageObject - Checking year: 1978
13:33:07.721 [main] INFO  com.caseStudy1.utils.HelperClass - Extracted text : 1979
13:33:07.721 [main] INFO  com.caseStudy1.pageObjects.DatePickerPageObject - Checking year: 1979
13:33:07.736 [main] INFO  com.caseStudy1.utils.HelperClass - Extracted text : 1980
13:33:07.737 [main] INFO  com.caseStudy1.pageObjects.DatePickerPageObject - Checking year: 1980
13:33:07.752 [main] INFO  com.caseStudy1.utils.HelperClass - Extracted text : 1981
13:33:07.752 [main] INFO  com.caseStudy1.pageObjects.DatePickerPageObject - Checking year: 1981
13:33:07.763 [main] INFO  com.caseStudy1.utils.HelperClass - Extracted text : 1982
13:33:07.764 [main] INFO  com.caseStudy1.pageObjects.DatePickerPageObject - Checking year: 1982
13:33:07.777 [main] INFO  com.caseStudy1.utils.HelperClass - Extracted text : 1983
13:33:07.777 [main] INFO  com.caseStudy1.pageObjects.DatePickerPageObject - Checking year: 1983
13:33:07.791 [main] INFO  com.caseStudy1.utils.HelperClass - Extracted text : 1984
13:33:07.791 [main] INFO  com.caseStudy1.pageObjects.DatePickerPageObject - Checking year: 1984
13:33:07.805 [main] INFO  com.caseStudy1.utils.HelperClass - Extracted text : 1985
13:33:07.806 [main] INFO  com.caseStudy1.pageObjects.DatePickerPageObject - Checking year: 1985
13:33:07.818 [main] INFO  com.caseStudy1.utils.HelperClass - Extracted text : 1986
13:33:07.818 [main] INFO  com.caseStudy1.pageObjects.DatePickerPageObject - Checking year: 1986
13:33:07.831 [main] INFO  com.caseStudy1.utils.HelperClass - Extracted text : 1987
13:33:07.831 [main] INFO  com.caseStudy1.pageObjects.DatePickerPageObject - Checking year: 1987
13:33:07.842 [main] INFO  com.caseStudy1.utils.HelperClass - Extracted text : 1988
13:33:07.842 [main] INFO  com.caseStudy1.pageObjects.DatePickerPageObject - Checking year: 1988
13:33:07.856 [main] INFO  com.caseStudy1.utils.HelperClass - Extracted text : 1989
13:33:07.856 [main] INFO  com.caseStudy1.pageObjects.DatePickerPageObject - Checking year: 1989
13:33:07.868 [main] INFO  com.caseStudy1.utils.HelperClass - Extracted text : 1990
13:33:07.869 [main] INFO  com.caseStudy1.pageObjects.DatePickerPageObject - Checking year: 1990
13:33:07.879 [main] INFO  com.caseStudy1.utils.HelperClass - Extracted text :   ?
13:33:07.879 [main] INFO  com.caseStudy1.pageObjects.DatePickerPageObject - Checking year:   ?
13:33:07.879 [main] INFO  com.caseStudy1.pageObjects.DatePickerPageObject - Year not found in the current list
13:33:07.893 [main] INFO  com.caseStudy1.utils.HelperClass - Extracted text : 1990
13:33:07.893 [main] INFO  com.caseStudy1.pageObjects.DatePickerPageObject - Past year
13:33:07.893 [main] INFO  com.caseStudy1.pageObjects.DatePickerPageObject - Clicking up button
13:33:07.996 [main] INFO  com.caseStudy1.utils.HelperClass - Selected option at index: 0
13:33:07.996 [main] INFO  com.caseStudy1.pageObjects.DatePickerPageObject - Checking 1920 present in the current list
13:33:08.021 [main] INFO  com.caseStudy1.utils.HelperClass - Extracted text :   ?
13:33:08.022 [main] INFO  com.caseStudy1.pageObjects.DatePickerPageObject - Checking year:   ?
13:33:08.033 [main] INFO  com.caseStudy1.utils.HelperClass - Extracted text : 1950
13:33:08.033 [main] INFO  com.caseStudy1.pageObjects.DatePickerPageObject - Checking year: 1950
13:33:08.045 [main] INFO  com.caseStudy1.utils.HelperClass - Extracted text : 1951
13:33:08.045 [main] INFO  com.caseStudy1.pageObjects.DatePickerPageObject - Checking year: 1951
13:33:08.057 [main] INFO  com.caseStudy1.utils.HelperClass - Extracted text : 1952
13:33:08.057 [main] INFO  com.caseStudy1.pageObjects.DatePickerPageObject - Checking year: 1952
13:33:08.069 [main] INFO  com.caseStudy1.utils.HelperClass - Extracted text : 1953
13:33:08.069 [main] INFO  com.caseStudy1.pageObjects.DatePickerPageObject - Checking year: 1953
13:33:08.081 [main] INFO  com.caseStudy1.utils.HelperClass - Extracted text : 1954
13:33:08.082 [main] INFO  com.caseStudy1.pageObjects.DatePickerPageObject - Checking year: 1954
13:33:08.094 [main] INFO  com.caseStudy1.utils.HelperClass - Extracted text : 1955
13:33:08.094 [main] INFO  com.caseStudy1.pageObjects.DatePickerPageObject - Checking year: 1955
13:33:08.106 [main] INFO  com.caseStudy1.utils.HelperClass - Extracted text : 1956
13:33:08.107 [main] INFO  com.caseStudy1.pageObjects.DatePickerPageObject - Checking year: 1956
13:33:08.120 [main] INFO  com.caseStudy1.utils.HelperClass - Extracted text : 1957
13:33:08.121 [main] INFO  com.caseStudy1.pageObjects.DatePickerPageObject - Checking year: 1957
13:33:08.135 [main] INFO  com.caseStudy1.utils.HelperClass - Extracted text : 1958
13:33:08.135 [main] INFO  com.caseStudy1.pageObjects.DatePickerPageObject - Checking year: 1958
13:33:08.151 [main] INFO  com.caseStudy1.utils.HelperClass - Extracted text : 1959
13:33:08.151 [main] INFO  com.caseStudy1.pageObjects.DatePickerPageObject - Checking year: 1959
13:33:08.163 [main] INFO  com.caseStudy1.utils.HelperClass - Extracted text : 1960
13:33:08.164 [main] INFO  com.caseStudy1.pageObjects.DatePickerPageObject - Checking year: 1960
13:33:08.176 [main] INFO  com.caseStudy1.utils.HelperClass - Extracted text : 1961
13:33:08.176 [main] INFO  com.caseStudy1.pageObjects.DatePickerPageObject - Checking year: 1961
13:33:08.187 [main] INFO  com.caseStudy1.utils.HelperClass - Extracted text : 1962
13:33:08.188 [main] INFO  com.caseStudy1.pageObjects.DatePickerPageObject - Checking year: 1962
13:33:08.203 [main] INFO  com.caseStudy1.utils.HelperClass - Extracted text : 1963
13:33:08.203 [main] INFO  com.caseStudy1.pageObjects.DatePickerPageObject - Checking year: 1963
13:33:08.215 [main] INFO  com.caseStudy1.utils.HelperClass - Extracted text : 1964
13:33:08.215 [main] INFO  com.caseStudy1.pageObjects.DatePickerPageObject - Checking year: 1964
13:33:08.231 [main] INFO  com.caseStudy1.utils.HelperClass - Extracted text : 1965
13:33:08.231 [main] INFO  com.caseStudy1.pageObjects.DatePickerPageObject - Checking year: 1965
13:33:08.247 [main] INFO  com.caseStudy1.utils.HelperClass - Extracted text : 1966
13:33:08.247 [main] INFO  com.caseStudy1.pageObjects.DatePickerPageObject - Checking year: 1966
13:33:08.258 [main] INFO  com.caseStudy1.utils.HelperClass - Extracted text : 1967
13:33:08.258 [main] INFO  com.caseStudy1.pageObjects.DatePickerPageObject - Checking year: 1967
13:33:08.270 [main] INFO  com.caseStudy1.utils.HelperClass - Extracted text : 1968
13:33:08.270 [main] INFO  com.caseStudy1.pageObjects.DatePickerPageObject - Checking year: 1968
13:33:08.282 [main] INFO  com.caseStudy1.utils.HelperClass - Extracted text : 1969
13:33:08.283 [main] INFO  com.caseStudy1.pageObjects.DatePickerPageObject - Checking year: 1969
13:33:08.295 [main] INFO  com.caseStudy1.utils.HelperClass - Extracted text : 1970
13:33:08.295 [main] INFO  com.caseStudy1.pageObjects.DatePickerPageObject - Checking year: 1970
13:33:08.307 [main] INFO  com.caseStudy1.utils.HelperClass - Extracted text :   ?
13:33:08.307 [main] INFO  com.caseStudy1.pageObjects.DatePickerPageObject - Checking year:   ?
13:33:08.307 [main] INFO  com.caseStudy1.pageObjects.DatePickerPageObject - Year not found in the current list
13:33:08.322 [main] INFO  com.caseStudy1.utils.HelperClass - Extracted text : 1970
13:33:08.322 [main] INFO  com.caseStudy1.pageObjects.DatePickerPageObject - Past year
13:33:08.322 [main] INFO  com.caseStudy1.pageObjects.DatePickerPageObject - Clicking up button
13:33:08.426 [main] INFO  com.caseStudy1.utils.HelperClass - Selected option at index: 0
13:33:08.426 [main] INFO  com.caseStudy1.pageObjects.DatePickerPageObject - Checking 1920 present in the current list
13:33:08.462 [main] INFO  com.caseStudy1.utils.HelperClass - Extracted text :   ?
13:33:08.463 [main] INFO  com.caseStudy1.pageObjects.DatePickerPageObject - Checking year:   ?
13:33:08.478 [main] INFO  com.caseStudy1.utils.HelperClass - Extracted text : 1930
13:33:08.478 [main] INFO  com.caseStudy1.pageObjects.DatePickerPageObject - Checking year: 1930
13:33:08.492 [main] INFO  com.caseStudy1.utils.HelperClass - Extracted text : 1931
13:33:08.492 [main] INFO  com.caseStudy1.pageObjects.DatePickerPageObject - Checking year: 1931
13:33:08.503 [main] INFO  com.caseStudy1.utils.HelperClass - Extracted text : 1932
13:33:08.503 [main] INFO  com.caseStudy1.pageObjects.DatePickerPageObject - Checking year: 1932
13:33:08.515 [main] INFO  com.caseStudy1.utils.HelperClass - Extracted text : 1933
13:33:08.515 [main] INFO  com.caseStudy1.pageObjects.DatePickerPageObject - Checking year: 1933
13:33:08.529 [main] INFO  com.caseStudy1.utils.HelperClass - Extracted text : 1934
13:33:08.529 [main] INFO  com.caseStudy1.pageObjects.DatePickerPageObject - Checking year: 1934
13:33:08.544 [main] INFO  com.caseStudy1.utils.HelperClass - Extracted text : 1935
13:33:08.544 [main] INFO  com.caseStudy1.pageObjects.DatePickerPageObject - Checking year: 1935
13:33:08.557 [main] INFO  com.caseStudy1.utils.HelperClass - Extracted text : 1936
13:33:08.557 [main] INFO  com.caseStudy1.pageObjects.DatePickerPageObject - Checking year: 1936
13:33:08.569 [main] INFO  com.caseStudy1.utils.HelperClass - Extracted text : 1937
13:33:08.569 [main] INFO  com.caseStudy1.pageObjects.DatePickerPageObject - Checking year: 1937
13:33:08.581 [main] INFO  com.caseStudy1.utils.HelperClass - Extracted text : 1938
13:33:08.581 [main] INFO  com.caseStudy1.pageObjects.DatePickerPageObject - Checking year: 1938
13:33:08.593 [main] INFO  com.caseStudy1.utils.HelperClass - Extracted text : 1939
13:33:08.593 [main] INFO  com.caseStudy1.pageObjects.DatePickerPageObject - Checking year: 1939
13:33:08.604 [main] INFO  com.caseStudy1.utils.HelperClass - Extracted text : 1940
13:33:08.604 [main] INFO  com.caseStudy1.pageObjects.DatePickerPageObject - Checking year: 1940
13:33:08.616 [main] INFO  com.caseStudy1.utils.HelperClass - Extracted text : 1941
13:33:08.616 [main] INFO  com.caseStudy1.pageObjects.DatePickerPageObject - Checking year: 1941
13:33:08.628 [main] INFO  com.caseStudy1.utils.HelperClass - Extracted text : 1942
13:33:08.628 [main] INFO  com.caseStudy1.pageObjects.DatePickerPageObject - Checking year: 1942
13:33:08.639 [main] INFO  com.caseStudy1.utils.HelperClass - Extracted text : 1943
13:33:08.639 [main] INFO  com.caseStudy1.pageObjects.DatePickerPageObject - Checking year: 1943
13:33:08.653 [main] INFO  com.caseStudy1.utils.HelperClass - Extracted text : 1944
13:33:08.653 [main] INFO  com.caseStudy1.pageObjects.DatePickerPageObject - Checking year: 1944
13:33:08.665 [main] INFO  com.caseStudy1.utils.HelperClass - Extracted text : 1945
13:33:08.665 [main] INFO  com.caseStudy1.pageObjects.DatePickerPageObject - Checking year: 1945
13:33:08.676 [main] INFO  com.caseStudy1.utils.HelperClass - Extracted text : 1946
13:33:08.677 [main] INFO  com.caseStudy1.pageObjects.DatePickerPageObject - Checking year: 1946
13:33:08.688 [main] INFO  com.caseStudy1.utils.HelperClass - Extracted text : 1947
13:33:08.688 [main] INFO  com.caseStudy1.pageObjects.DatePickerPageObject - Checking year: 1947
13:33:08.700 [main] INFO  com.caseStudy1.utils.HelperClass - Extracted text : 1948
13:33:08.700 [main] INFO  com.caseStudy1.pageObjects.DatePickerPageObject - Checking year: 1948
13:33:08.713 [main] INFO  com.caseStudy1.utils.HelperClass - Extracted text : 1949
13:33:08.713 [main] INFO  com.caseStudy1.pageObjects.DatePickerPageObject - Checking year: 1949
13:33:08.725 [main] INFO  com.caseStudy1.utils.HelperClass - Extracted text : 1950
13:33:08.725 [main] INFO  com.caseStudy1.pageObjects.DatePickerPageObject - Checking year: 1950
13:33:08.740 [main] INFO  com.caseStudy1.utils.HelperClass - Extracted text :   ?
13:33:08.740 [main] INFO  com.caseStudy1.pageObjects.DatePickerPageObject - Checking year:   ?
13:33:08.740 [main] INFO  com.caseStudy1.pageObjects.DatePickerPageObject - Year not found in the current list
13:33:08.763 [main] INFO  com.caseStudy1.utils.HelperClass - Extracted text : 1950
13:33:08.763 [main] INFO  com.caseStudy1.pageObjects.DatePickerPageObject - Past year
13:33:08.763 [main] INFO  com.caseStudy1.pageObjects.DatePickerPageObject - Clicking up button
13:33:08.868 [main] INFO  com.caseStudy1.utils.HelperClass - Selected option at index: 0
13:33:08.868 [main] INFO  com.caseStudy1.pageObjects.DatePickerPageObject - Checking 1920 present in the current list
13:33:08.891 [main] INFO  com.caseStudy1.utils.HelperClass - Extracted text :   ?
13:33:08.891 [main] INFO  com.caseStudy1.pageObjects.DatePickerPageObject - Checking year:   ?
13:33:08.903 [main] INFO  com.caseStudy1.utils.HelperClass - Extracted text : 1910
13:33:08.903 [main] INFO  com.caseStudy1.pageObjects.DatePickerPageObject - Checking year: 1910
13:33:08.914 [main] INFO  com.caseStudy1.utils.HelperClass - Extracted text : 1911
13:33:08.914 [main] INFO  com.caseStudy1.pageObjects.DatePickerPageObject - Checking year: 1911
13:33:08.927 [main] INFO  com.caseStudy1.utils.HelperClass - Extracted text : 1912
13:33:08.927 [main] INFO  com.caseStudy1.pageObjects.DatePickerPageObject - Checking year: 1912
13:33:08.939 [main] INFO  com.caseStudy1.utils.HelperClass - Extracted text : 1913
13:33:08.939 [main] INFO  com.caseStudy1.pageObjects.DatePickerPageObject - Checking year: 1913
13:33:08.952 [main] INFO  com.caseStudy1.utils.HelperClass - Extracted text : 1914
13:33:08.952 [main] INFO  com.caseStudy1.pageObjects.DatePickerPageObject - Checking year: 1914
13:33:08.965 [main] INFO  com.caseStudy1.utils.HelperClass - Extracted text : 1915
13:33:08.965 [main] INFO  com.caseStudy1.pageObjects.DatePickerPageObject - Checking year: 1915
13:33:08.979 [main] INFO  com.caseStudy1.utils.HelperClass - Extracted text : 1916
13:33:08.979 [main] INFO  com.caseStudy1.pageObjects.DatePickerPageObject - Checking year: 1916
13:33:08.993 [main] INFO  com.caseStudy1.utils.HelperClass - Extracted text : 1917
13:33:08.993 [main] INFO  com.caseStudy1.pageObjects.DatePickerPageObject - Checking year: 1917
13:33:09.008 [main] INFO  com.caseStudy1.utils.HelperClass - Extracted text : 1918
13:33:09.008 [main] INFO  com.caseStudy1.pageObjects.DatePickerPageObject - Checking year: 1918
13:33:09.021 [main] INFO  com.caseStudy1.utils.HelperClass - Extracted text : 1919
13:33:09.021 [main] INFO  com.caseStudy1.pageObjects.DatePickerPageObject - Checking year: 1919
13:33:09.034 [main] INFO  com.caseStudy1.utils.HelperClass - Extracted text : 1920
13:33:09.034 [main] INFO  com.caseStudy1.pageObjects.DatePickerPageObject - Checking year: 1920
13:33:09.034 [main] INFO  com.caseStudy1.pageObjects.DatePickerPageObject - 1920 found
13:33:09.034 [main] INFO  com.caseStudy1.pageObjects.DatePickerPageObject - Clicking year 1920
13:33:09.104 [main] INFO  com.caseStudy1.utils.HelperClass - Selected : 1920
13:33:09.104 [main] INFO  com.caseStudy1.pageObjects.DatePickerPageObject - Selecting month : November
13:33:09.205 [main] INFO  com.caseStudy1.utils.HelperClass - Selected : November
13:33:09.206 [main] INFO  com.caseStudy1.pageObjects.DatePickerPageObject - Clicking day : 14
13:33:09.330 [main] INFO  com.caseStudy1.utils.HelperClass - Element Clicked
]]></system-out>
  </testcase>
  <testcase name="gilletteInvalidPasswordTest[{invalidPassword=1234hk, password=Gillette@123, email=veeranagu553@gmail.com}](1)" classname="com.caseStudy01.tests.GilletteTests" time="8.977">
    <system-out><![CDATA[13:33:10.093 [main] INFO  com.caseStudy1.utils.ConfigFileReader - configFileReader object created
13:33:10.094 [main] INFO  com.caseStudy1.utils.Base - Starting driver
13:33:10.139 [main] INFO  com.caseStudy1.pageObjects.GilletteSignInPageObjects - Austri url
13:33:10.139 [main] INFO  com.caseStudy1.utils.HelperClass - Navigating to: https://www.gillette.de/login.jsp?returnTo=https%3A%2F%2Fwww.gillette.de%2FaccountHome.account
13:33:18.371 [main] INFO  com.caseStudy1.pageObjects.GilletteSignInPageObjects - Entering email for austria
13:33:18.468 [main] DEBUG com.caseStudy1.utils.HelperClass - veeranagu553@gmail.com entered
13:33:18.557 [main] DEBUG com.caseStudy1.utils.HelperClass - 1234hk entered
13:33:18.562 [main] INFO  com.caseStudy1.pageObjects.GilletteSignInPageObjects - clicking sign in button -  austria
13:33:19.324 [main] INFO  com.caseStudy1.utils.HelperClass - Element Clicked
]]></system-out>
  </testcase>
  <testcase name="gillettePositiveTest[{invalidPassword=1234hk, password=Gillette@123, email=veeranagu553@gmail.com}](1)" classname="com.caseStudy01.tests.GilletteTests" time="2.361">
    <system-out><![CDATA[13:33:19.806 [main] INFO  com.caseStudy1.pageObjects.GilletteSignInPageObjects - Austri url
13:33:19.807 [main] INFO  com.caseStudy1.utils.HelperClass - Navigating to: https://www.gillette.de/login.jsp?returnTo=https%3A%2F%2Fwww.gillette.de%2FaccountHome.account
13:33:20.267 [main] INFO  com.caseStudy1.pageObjects.GilletteSignInPageObjects - Entering email for austria
13:33:20.397 [main] DEBUG com.caseStudy1.utils.HelperClass - veeranagu553@gmail.com entered
13:33:20.478 [main] DEBUG com.caseStudy1.utils.HelperClass - Gillette@123 entered
13:33:20.481 [main] INFO  com.caseStudy1.pageObjects.GilletteSignInPageObjects - clicking sign in button -  austria
13:33:21.686 [main] INFO  com.caseStudy1.utils.HelperClass - Element Clicked
13:33:21.736 [main] INFO  com.caseStudy1.pageObjects.GilletteSignInPageObjects - log out -  austria
]]></system-out>
  </testcase>
  <testcase name="selectableTest[{firstname=Veeranaga, address=Address, gender=Male, languages=English,Hindi, serializeOption=Cross Browser Testing, country1=India, defaultOption=Extent Reports, lastname=Kandaraboina, country2=Australia, skills=Java, password=Password@123, phone=1234567890, hobbies=Cricket,Hockey,Movies, dob=5-May-96, confirmpassword=Password@123, email=veernag1@email.com}](1)" classname="com.caseStudy01.tests.SelectableTests" time="2.375">
    <system-out><![CDATA[13:33:22.183 [main] INFO  com.caseStudy1.utils.ConfigFileReader - configFileReader object created
13:33:22.183 [main] INFO  com.caseStudy1.utils.Base - Starting driver
13:33:22.216 [main] INFO  com.caseStudy1.utils.HelperClass - Navigating to: http://demo.automationtesting.in/Selectable.html
13:33:23.357 [main] INFO  com.caseStudy1.utils.HelperClass - Element Clicked
13:33:23.372 [main] INFO  com.caseStudy1.utils.HelperClass - Extracted text : Sakinalium - Extent Reports
13:33:23.372 [main] INFO  com.caseStudy1.utils.HelperClass - Asserting - Extent Reports with Extent Reports
13:33:23.442 [main] INFO  com.caseStudy1.utils.HelperClass - Element Clicked
13:33:24.189 [main] INFO  com.caseStudy1.utils.HelperClass - Element Clicked
13:33:24.212 [main] INFO  com.caseStudy1.utils.HelperClass - Extracted text : Cross Browser Testing
13:33:24.212 [main] INFO  com.caseStudy1.utils.HelperClass - Asserting - Cross Browser Testing with Cross Browser Testing
]]></system-out>
  </testcase>
</testsuite>