<?xml version="1.0" encoding="UTF-8"?>
<!-- Generated by org.testng.reporters.JUnitReportReporter -->
<testsuite hostname="LAPTOP-LUP3JV7D" failures="0" tests="2" name="com.caseStudy01.tests.GilletteTests" time="13.001" errors="0" timestamp="2020-09-30T23:01:18 IST" skipped="0">
  <testcase classname="com.caseStudy01.tests.GilletteTests" name="gillettePositiveTest" time="2.849"/>
  <system-out/>
  <testcase classname="com.caseStudy01.tests.GilletteTests" name="gilletteInvalidPasswordTest" time="10.152"/>
  <system-out/>
</testsuite> <!-- com.caseStudy01.tests.GilletteTests -->
