<?xml version="1.0" encoding="UTF-8"?>
<!-- Generated by org.testng.reporters.JUnitReportReporter -->
<testsuite hostname="LAPTOP-LUP3JV7D" failures="0" tests="2" name="com.caseStudy01.tests.GilletteTests" time="11.929" errors="0" timestamp="2020-10-06T22:51:36 IST" skipped="0">
  <testcase classname="com.caseStudy01.tests.GilletteTests" name="gilletteInvalidPasswordTest" time="9.044"/>
  <system-out/>
  <testcase classname="com.caseStudy01.tests.GilletteTests" name="gillettePositiveTest" time="2.885"/>
  <system-out/>
</testsuite> <!-- com.caseStudy01.tests.GilletteTests -->
