<?xml version="1.0" encoding="UTF-8"?>
<!-- Generated by org.testng.reporters.JUnitReportReporter -->
<testsuite hostname="LAPTOP-LUP3JV7D" failures="0" tests="3" name="com.caseStudy01.tests.GilletteIndiaTests" time="8.420" errors="0" timestamp="2020-09-24T22:21:32 IST" skipped="1">
  <testcase classname="com.caseStudy01.tests.GilletteIndiaTests" name="landingGilleteIndia" time="4.259"/>
  <system-out/>
  <testcase classname="com.caseStudy01.tests.GilletteIndiaTests" name="signupGilletteIndia" time="4.161"/>
  <system-out/>
  <testcase classname="com.caseStudy01.tests.GilletteIndiaTests" name="registerGilletteIndia">
    <skipped/>
  </testcase> <!-- registerGilletteIndia -->
  <system-out/>
</testsuite> <!-- com.caseStudy01.tests.GilletteIndiaTests -->
