<?xml version="1.0" encoding="UTF-8"?>
<!-- Generated by org.testng.reporters.JUnitReportReporter -->
<testsuite hostname="LAPTOP-LUP3JV7D" failures="0" tests="1" name="com.caseStudy01.tests.RegistrationTests" time="18.167" errors="0" timestamp="2020-09-30T23:01:18 IST" skipped="0">
  <testcase classname="com.caseStudy01.tests.RegistrationTests" name="registrationTest" time="18.167"/>
  <system-out/>
</testsuite> <!-- com.caseStudy01.tests.RegistrationTests -->
