<?xml version="1.0" encoding="UTF-8"?>
<!-- Generated by org.testng.reporters.JUnitReportReporter -->
<testsuite hostname="LAPTOP-LUP3JV7D" failures="0" tests="3" name="com.caseStudy01.tests.GilletteAustraliaTests" time="30.239" errors="0" timestamp="2020-09-24T22:21:32 IST" skipped="1">
  <testcase classname="com.caseStudy01.tests.GilletteAustraliaTests" name="landingGilletteAustralia" time="28.725"/>
  <system-out/>
  <testcase classname="com.caseStudy01.tests.GilletteAustraliaTests" name="registerGilletteAustralia" time="1.514"/>
  <system-out/>
  <testcase classname="com.caseStudy01.tests.GilletteAustraliaTests" name="signInGilletteAustralia">
    <skipped/>
  </testcase> <!-- signInGilletteAustralia -->
  <system-out/>
</testsuite> <!-- com.caseStudy01.tests.GilletteAustraliaTests -->
