<?xml version="1.0" encoding="UTF-8"?>
<!-- Generated by org.testng.reporters.JUnitReportReporter -->
<testsuite hostname="LAPTOP-LUP3JV7D" failures="0" tests="1" name="com.caseStudy01.tests.AlertsTests" time="7.136" errors="0" timestamp="2021-02-03T23:31:54 IST" skipped="0">
  <testcase classname="com.caseStudy01.tests.AlertsTests" name="alerTest" time="7.136"/>
  <system-out/>
</testsuite> <!-- com.caseStudy01.tests.AlertsTests -->
